{"/home/travis/build/npmtest/node-npmtest-bignumber.js/test.js":{"path":"/home/travis/build/npmtest/node-npmtest-bignumber.js/test.js","s":{"1":2,"2":2,"3":2,"4":2,"5":2,"6":2,"7":2,"8":1,"9":2,"10":2,"11":1,"12":1,"13":1,"14":1,"15":2,"16":2,"17":2,"18":2,"19":1,"20":1,"21":2,"22":2,"23":2,"24":1,"25":1,"26":1,"27":1,"28":1,"29":1,"30":1,"31":1,"32":1,"33":1,"34":1,"35":1,"36":1,"37":1,"38":1,"39":2,"40":2,"41":1,"42":2,"43":2,"44":1,"45":2,"46":2,"47":1,"48":2,"49":2,"50":1,"51":1,"52":1,"53":1,"54":1},"b":{"1":[2,1,1,1],"2":[1,1,1,1],"3":[1,1],"4":[1,1],"5":[1,1],"6":[1,1],"7":[1,1],"8":[1,1],"9":[1,1],"10":[1,1,1],"11":[1,1],"12":[1,1],"13":[1,1],"14":[1,1],"15":[1,1],"16":[1,1],"17":[1,1]},"f":{"1":2,"2":2,"3":2,"4":2,"5":2,"6":1,"7":1,"8":1,"9":2,"10":2,"11":2,"12":2,"13":1},"fnMap":{"1":{"name":"(anonymous_1)","line":12,"loc":{"start":{"line":12,"column":1},"end":{"line":12,"column":13}}},"2":{"name":"(anonymous_2)","line":19,"loc":{"start":{"line":19,"column":5},"end":{"line":19,"column":17}}},"3":{"name":"(anonymous_3)","line":23,"loc":{"start":{"line":23,"column":24},"end":{"line":23,"column":36}}},"4":{"name":"(anonymous_4)","line":61,"loc":{"start":{"line":61,"column":5},"end":{"line":61,"column":17}}},"5":{"name":"(anonymous_5)","line":82,"loc":{"start":{"line":82,"column":5},"end":{"line":82,"column":17}}},"6":{"name":"(anonymous_6)","line":91,"loc":{"start":{"line":91,"column":77},"end":{"line":94,"column":10}}},"7":{"name":"(anonymous_7)","line":112,"loc":{"start":{"line":112,"column":83},"end":{"line":115,"column":10}},"skip":true},"8":{"name":"(anonymous_8)","line":123,"loc":{"start":{"line":123,"column":77},"end":{"line":126,"column":10}},"skip":true},"9":{"name":"(anonymous_9)","line":139,"loc":{"start":{"line":139,"column":12},"end":{"line":139,"column":40}},"skip":true},"10":{"name":"(anonymous_10)","line":147,"loc":{"start":{"line":147,"column":77},"end":{"line":150,"column":10}},"skip":true},"11":{"name":"(anonymous_11)","line":158,"loc":{"start":{"line":158,"column":83},"end":{"line":161,"column":10}},"skip":true},"12":{"name":"(anonymous_12)","line":169,"loc":{"start":{"line":169,"column":79},"end":{"line":172,"column":10}},"skip":true},"13":{"name":"(anonymous_13)","line":180,"loc":{"start":{"line":180,"column":75},"end":{"line":183,"column":10}},"skip":true}},"statementMap":{"1":{"start":{"line":12,"column":0},"end":{"line":195,"column":5}},"2":{"start":{"line":14,"column":4},"end":{"line":14,"column":14}},"3":{"start":{"line":19,"column":4},"end":{"line":56,"column":9}},"4":{"start":{"line":21,"column":8},"end":{"line":21,"column":19}},"5":{"start":{"line":23,"column":8},"end":{"line":35,"column":13}},"6":{"start":{"line":24,"column":12},"end":{"line":34,"column":13}},"7":{"start":{"line":25,"column":16},"end":{"line":28,"column":30}},"8":{"start":{"line":30,"column":16},"end":{"line":33,"column":27}},"9":{"start":{"line":37,"column":8},"end":{"line":39,"column":21}},"10":{"start":{"line":40,"column":8},"end":{"line":53,"column":9}},"11":{"start":{"line":43,"column":12},"end":{"line":46,"column":14}},"12":{"start":{"line":47,"column":12},"end":{"line":47,"column":18}},"13":{"start":{"line":50,"column":12},"end":{"line":51,"column":33}},"14":{"start":{"line":52,"column":12},"end":{"line":52,"column":18}},"15":{"start":{"line":55,"column":8},"end":{"line":55,"column":35}},"16":{"start":{"line":61,"column":4},"end":{"line":63,"column":9}},"17":{"start":{"line":62,"column":8},"end":{"line":62,"column":15}},"18":{"start":{"line":64,"column":4},"end":{"line":77,"column":5}},"19":{"start":{"line":70,"column":8},"end":{"line":70,"column":14}},"20":{"start":{"line":76,"column":8},"end":{"line":76,"column":14}},"21":{"start":{"line":82,"column":4},"end":{"line":84,"column":9}},"22":{"start":{"line":83,"column":8},"end":{"line":83,"column":15}},"23":{"start":{"line":85,"column":4},"end":{"line":194,"column":5}},"24":{"start":{"line":91,"column":8},"end":{"line":99,"column":10}},"25":{"start":{"line":98,"column":12},"end":{"line":98,"column":35}},"26":{"start":{"line":102,"column":8},"end":{"line":104,"column":63}},"27":{"start":{"line":105,"column":8},"end":{"line":105,"column":14}},"28":{"start":{"line":112,"column":8},"end":{"line":121,"column":10},"skip":true},"29":{"start":{"line":119,"column":12},"end":{"line":119,"column":55},"skip":true},"30":{"start":{"line":120,"column":12},"end":{"line":120,"column":48},"skip":true},"31":{"start":{"line":123,"column":8},"end":{"line":136,"column":10},"skip":true},"32":{"start":{"line":130,"column":12},"end":{"line":130,"column":76},"skip":true},"33":{"start":{"line":131,"column":12},"end":{"line":131,"column":73},"skip":true},"34":{"start":{"line":132,"column":12},"end":{"line":132,"column":74},"skip":true},"35":{"start":{"line":133,"column":12},"end":{"line":133,"column":79},"skip":true},"36":{"start":{"line":134,"column":12},"end":{"line":134,"column":25},"skip":true},"37":{"start":{"line":135,"column":12},"end":{"line":135,"column":45},"skip":true},"38":{"start":{"line":138,"column":8},"end":{"line":145,"column":14},"skip":true},"39":{"start":{"line":143,"column":16},"end":{"line":143,"column":29},"skip":true},"40":{"start":{"line":144,"column":16},"end":{"line":144,"column":55},"skip":true},"41":{"start":{"line":147,"column":8},"end":{"line":156,"column":10},"skip":true},"42":{"start":{"line":154,"column":12},"end":{"line":154,"column":25},"skip":true},"43":{"start":{"line":155,"column":12},"end":{"line":155,"column":45},"skip":true},"44":{"start":{"line":158,"column":8},"end":{"line":167,"column":10},"skip":true},"45":{"start":{"line":165,"column":12},"end":{"line":165,"column":25},"skip":true},"46":{"start":{"line":166,"column":12},"end":{"line":166,"column":48},"skip":true},"47":{"start":{"line":169,"column":8},"end":{"line":178,"column":10},"skip":true},"48":{"start":{"line":176,"column":12},"end":{"line":176,"column":25},"skip":true},"49":{"start":{"line":177,"column":12},"end":{"line":177,"column":46},"skip":true},"50":{"start":{"line":180,"column":8},"end":{"line":189,"column":10},"skip":true},"51":{"start":{"line":187,"column":12},"end":{"line":187,"column":94},"skip":true},"52":{"start":{"line":188,"column":12},"end":{"line":188,"column":48},"skip":true},"53":{"start":{"line":192,"column":8},"end":{"line":192,"column":35},"skip":true},"54":{"start":{"line":193,"column":8},"end":{"line":193,"column":14},"skip":true}},"branchMap":{"1":{"line":25,"type":"binary-expr","locations":[{"start":{"line":25,"column":23},"end":{"line":25,"column":62}},{"start":{"line":26,"column":20},"end":{"line":26,"column":70}},{"start":{"line":27,"column":20},"end":{"line":27,"column":71}},{"start":{"line":28,"column":20},"end":{"line":28,"column":29}}]},"2":{"line":30,"type":"binary-expr","locations":[{"start":{"line":30,"column":23},"end":{"line":30,"column":37}},{"start":{"line":31,"column":20},"end":{"line":31,"column":61}},{"start":{"line":32,"column":20},"end":{"line":32,"column":70}},{"start":{"line":33,"column":20},"end":{"line":33,"column":26}}]},"3":{"line":37,"type":"cond-expr","locations":[{"start":{"line":38,"column":14},"end":{"line":38,"column":20}},{"start":{"line":39,"column":14},"end":{"line":39,"column":20}}]},"4":{"line":40,"type":"switch","locations":[{"start":{"line":42,"column":8},"end":{"line":47,"column":18}},{"start":{"line":49,"column":8},"end":{"line":52,"column":18}}]},"5":{"line":44,"type":"binary-expr","locations":[{"start":{"line":44,"column":16},"end":{"line":44,"column":44}},{"start":{"line":44,"column":48},"end":{"line":44,"column":66}}]},"6":{"line":50,"type":"binary-expr","locations":[{"start":{"line":50,"column":21},"end":{"line":50,"column":49}},{"start":{"line":50,"column":53},"end":{"line":50,"column":72}}]},"7":{"line":64,"type":"switch","locations":[{"start":{"line":69,"column":4},"end":{"line":70,"column":14}},{"start":{"line":75,"column":4},"end":{"line":76,"column":14}}]},"8":{"line":85,"type":"switch","locations":[{"start":{"line":90,"column":4},"end":{"line":105,"column":14}},{"start":{"line":111,"column":4},"end":{"line":193,"column":14},"skip":true}]},"9":{"line":91,"type":"binary-expr","locations":[{"start":{"line":91,"column":42},"end":{"line":91,"column":73}},{"start":{"line":91,"column":77},"end":{"line":99,"column":9}}]},"10":{"line":102,"type":"binary-expr","locations":[{"start":{"line":102,"column":18},"end":{"line":102,"column":32}},{"start":{"line":103,"column":12},"end":{"line":103,"column":53}},{"start":{"line":104,"column":12},"end":{"line":104,"column":61}}]},"11":{"line":112,"type":"binary-expr","locations":[{"start":{"line":112,"column":45},"end":{"line":112,"column":79},"skip":true},{"start":{"line":112,"column":83},"end":{"line":121,"column":9},"skip":true}]},"12":{"line":123,"type":"binary-expr","locations":[{"start":{"line":123,"column":42},"end":{"line":123,"column":73},"skip":true},{"start":{"line":123,"column":77},"end":{"line":136,"column":9},"skip":true}]},"13":{"line":138,"type":"binary-expr","locations":[{"start":{"line":138,"column":48},"end":{"line":138,"column":85},"skip":true},{"start":{"line":139,"column":12},"end":{"line":145,"column":13},"skip":true}]},"14":{"line":147,"type":"binary-expr","locations":[{"start":{"line":147,"column":42},"end":{"line":147,"column":73},"skip":true},{"start":{"line":147,"column":77},"end":{"line":156,"column":9},"skip":true}]},"15":{"line":158,"type":"binary-expr","locations":[{"start":{"line":158,"column":45},"end":{"line":158,"column":79},"skip":true},{"start":{"line":158,"column":83},"end":{"line":167,"column":9},"skip":true}]},"16":{"line":169,"type":"binary-expr","locations":[{"start":{"line":169,"column":43},"end":{"line":169,"column":75},"skip":true},{"start":{"line":169,"column":79},"end":{"line":178,"column":9},"skip":true}]},"17":{"line":180,"type":"binary-expr","locations":[{"start":{"line":180,"column":41},"end":{"line":180,"column":71},"skip":true},{"start":{"line":180,"column":75},"end":{"line":189,"column":9},"skip":true}]}},"code":["/* istanbul instrument in package npmtest_bignumber_js */","/*jslint","    bitwise: true,","    browser: true,","    maxerr: 8,","    maxlen: 96,","    node: true,","    nomen: true,","    regexp: true,","    stupid: true","*/","(function () {","    'use strict';","    var local;","","","","    // run shared js-env code - init-before","    (function () {","        // init local","        local = {};","        // init modeJs","        local.modeJs = (function () {","            try {","                return typeof navigator.userAgent === 'string' &&","                    typeof document.querySelector('body') === 'object' &&","                    typeof XMLHttpRequest.prototype.open === 'function' &&","                    'browser';","            } catch (errorCaughtBrowser) {","                return module.exports &&","                    typeof process.versions.node === 'string' &&","                    typeof require('http').createServer === 'function' &&","                    'node';","            }","        }());","        // init global","        local.global = local.modeJs === 'browser'","            ? window","            : global;","        switch (local.modeJs) {","        // re-init local from window.local","        case 'browser':","            local = local.global.utility2.objectSetDefault(","                local.global.utility2_rollup || local.global.local,","                local.global.utility2","            );","            break;","        // re-init local from example.js","        case 'node':","            local = (local.global.utility2_rollup || require('utility2'))","                .requireReadme();","            break;","        }","        // export local","        local.global.local = local;","    }());","","","","    // run shared js-env code - function","    (function () {","        return;","    }());","    switch (local.modeJs) {","","","","    // run browser js-env code - function","    case 'browser':","        break;","","","","    // run node js-env code - function","    case 'node':","        break;","    }","","","","    // run shared js-env code - init-after","    (function () {","        return;","    }());","    switch (local.modeJs) {","","","","    // run browser js-env code - init-after","    case 'browser':","        local.testCase_browser_nullCase = local.testCase_browser_nullCase || function (","            options,","            onError","        ) {","        /*","         * this function will test browsers's null-case handling-behavior-behavior","         */","            onError(null, options);","        };","","        // run tests","        local.nop(local.modeTest &&","            document.querySelector('#testRunButton1') &&","            document.querySelector('#testRunButton1').click());","        break;","","","","    // run node js-env code - init-after","    /* istanbul ignore next */","    case 'node':","        local.testCase_buildApidoc_default = local.testCase_buildApidoc_default || function (","            options,","            onError","        ) {","        /*","         * this function will test buildApidoc's default handling-behavior-behavior","         */","            options = { modulePathList: module.paths };","            local.buildApidoc(options, onError);","        };","","        local.testCase_buildApp_default = local.testCase_buildApp_default || function (","            options,","            onError","        ) {","        /*","         * this function will test buildApp's default handling-behavior-behavior","         */","            local.testCase_buildReadme_default(options, local.onErrorThrow);","            local.testCase_buildLib_default(options, local.onErrorThrow);","            local.testCase_buildTest_default(options, local.onErrorThrow);","            local.testCase_buildCustomOrg_default(options, local.onErrorThrow);","            options = [];","            local.buildApp(options, onError);","        };","","        local.testCase_buildCustomOrg_default = local.testCase_buildCustomOrg_default ||","            function (options, onError) {","            /*","             * this function will test buildCustomOrg's default handling-behavior","             */","                options = {};","                local.buildCustomOrg(options, onError);","            };","","        local.testCase_buildLib_default = local.testCase_buildLib_default || function (","            options,","            onError","        ) {","        /*","         * this function will test buildLib's default handling-behavior","         */","            options = {};","            local.buildLib(options, onError);","        };","","        local.testCase_buildReadme_default = local.testCase_buildReadme_default || function (","            options,","            onError","        ) {","        /*","         * this function will test buildReadme's default handling-behavior-behavior","         */","            options = {};","            local.buildReadme(options, onError);","        };","","        local.testCase_buildTest_default = local.testCase_buildTest_default || function (","            options,","            onError","        ) {","        /*","         * this function will test buildTest's default handling-behavior","         */","            options = {};","            local.buildTest(options, onError);","        };","","        local.testCase_webpage_default = local.testCase_webpage_default || function (","            options,","            onError","        ) {","        /*","         * this function will test webpage's default handling-behavior","         */","            options = { modeCoverageMerge: true, url: local.serverLocalHost + '?modeTest=1' };","            local.browserTest(options, onError);","        };","","        // run test-server","        local.testRunServer(local);","        break;","    }","}());",""],"l":{"12":2,"14":2,"19":2,"21":2,"23":2,"24":2,"25":2,"30":1,"37":2,"40":2,"43":1,"47":1,"50":1,"52":1,"55":2,"61":2,"62":2,"64":2,"70":1,"76":1,"82":2,"83":2,"85":2,"91":1,"98":1,"102":1,"105":1,"112":1,"119":1,"120":1,"123":1,"130":1,"131":1,"132":1,"133":1,"134":1,"135":1,"138":1,"143":2,"144":2,"147":1,"154":2,"155":2,"158":1,"165":2,"166":2,"169":1,"176":2,"177":2,"180":1,"187":1,"188":1,"192":1,"193":1}},"/home/travis/build/npmtest/node-npmtest-bignumber.js/lib.npmtest_bignumber.js.js":{"path":"/home/travis/build/npmtest/node-npmtest-bignumber.js/lib.npmtest_bignumber.js.js","s":{"1":2,"2":2,"3":2,"4":2,"5":2,"6":2,"7":2,"8":1,"9":2,"10":2,"11":2,"12":2,"13":1,"14":1,"15":1,"16":1},"b":{"1":[2,1,1,1],"2":[1,1,1,1],"3":[1,1],"4":[2,2],"5":[1,1]},"f":{"1":2,"2":2,"3":2},"fnMap":{"1":{"name":"(anonymous_1)","line":12,"loc":{"start":{"line":12,"column":1},"end":{"line":12,"column":13}}},"2":{"name":"(anonymous_2)","line":19,"loc":{"start":{"line":19,"column":5},"end":{"line":19,"column":17}}},"3":{"name":"(anonymous_3)","line":23,"loc":{"start":{"line":23,"column":24},"end":{"line":23,"column":36}}}},"statementMap":{"1":{"start":{"line":12,"column":0},"end":{"line":53,"column":5}},"2":{"start":{"line":14,"column":4},"end":{"line":14,"column":14}},"3":{"start":{"line":19,"column":4},"end":{"line":52,"column":9}},"4":{"start":{"line":21,"column":8},"end":{"line":21,"column":19}},"5":{"start":{"line":23,"column":8},"end":{"line":35,"column":13}},"6":{"start":{"line":24,"column":12},"end":{"line":34,"column":13}},"7":{"start":{"line":25,"column":16},"end":{"line":28,"column":30}},"8":{"start":{"line":30,"column":16},"end":{"line":33,"column":27}},"9":{"start":{"line":37,"column":8},"end":{"line":39,"column":21}},"10":{"start":{"line":41,"column":8},"end":{"line":41,"column":54}},"11":{"start":{"line":43,"column":8},"end":{"line":43,"column":57}},"12":{"start":{"line":45,"column":8},"end":{"line":51,"column":9}},"13":{"start":{"line":46,"column":12},"end":{"line":46,"column":63}},"14":{"start":{"line":48,"column":12},"end":{"line":48,"column":35}},"15":{"start":{"line":49,"column":12},"end":{"line":49,"column":49}},"16":{"start":{"line":50,"column":12},"end":{"line":50,"column":43}}},"branchMap":{"1":{"line":25,"type":"binary-expr","locations":[{"start":{"line":25,"column":23},"end":{"line":25,"column":62}},{"start":{"line":26,"column":20},"end":{"line":26,"column":70}},{"start":{"line":27,"column":20},"end":{"line":27,"column":71}},{"start":{"line":28,"column":20},"end":{"line":28,"column":29}}]},"2":{"line":30,"type":"binary-expr","locations":[{"start":{"line":30,"column":23},"end":{"line":30,"column":37}},{"start":{"line":31,"column":20},"end":{"line":31,"column":61}},{"start":{"line":32,"column":20},"end":{"line":32,"column":70}},{"start":{"line":33,"column":20},"end":{"line":33,"column":26}}]},"3":{"line":37,"type":"cond-expr","locations":[{"start":{"line":38,"column":14},"end":{"line":38,"column":20}},{"start":{"line":39,"column":14},"end":{"line":39,"column":20}}]},"4":{"line":41,"type":"binary-expr","locations":[{"start":{"line":41,"column":16},"end":{"line":41,"column":44}},{"start":{"line":41,"column":48},"end":{"line":41,"column":53}}]},"5":{"line":45,"type":"if","locations":[{"start":{"line":45,"column":8},"end":{"line":45,"column":8}},{"start":{"line":45,"column":8},"end":{"line":45,"column":8}}]}},"code":["/* istanbul instrument in package npmtest_bignumber_js */","/*jslint","    bitwise: true,","    browser: true,","    maxerr: 8,","    maxlen: 96,","    node: true,","    nomen: true,","    regexp: true,","    stupid: true","*/","(function () {","    'use strict';","    var local;","","","","    // run shared js-env code - pre-init","    (function () {","        // init local","        local = {};","        // init modeJs","        local.modeJs = (function () {","            try {","                return typeof navigator.userAgent === 'string' &&","                    typeof document.querySelector('body') === 'object' &&","                    typeof XMLHttpRequest.prototype.open === 'function' &&","                    'browser';","            } catch (errorCaughtBrowser) {","                return module.exports &&","                    typeof process.versions.node === 'string' &&","                    typeof require('http').createServer === 'function' &&","                    'node';","            }","        }());","        // init global","        local.global = local.modeJs === 'browser'","            ? window","            : global;","        // init utility2_rollup","        local = local.global.utility2_rollup || local;","        // init lib","        local.local = local.npmtest_bignumber_js = local;","        // init exports","        if (local.modeJs === 'browser') {","            local.global.utility2_npmtest_bignumber_js = local;","        } else {","            module.exports = local;","            module.exports.__dirname = __dirname;","            module.exports.module = module;","        }","    }());","}());",""],"l":{"12":2,"14":2,"19":2,"21":2,"23":2,"24":2,"25":2,"30":1,"37":2,"41":2,"43":2,"45":2,"46":1,"48":1,"49":1,"50":1}},"/home/travis/build/npmtest/node-npmtest-bignumber.js/example.js":{"path":"/home/travis/build/npmtest/node-npmtest-bignumber.js/example.js","s":{"1":2,"2":2,"3":2,"4":2,"5":2,"6":2,"7":2,"8":1,"9":2,"10":2,"11":2,"12":2,"13":1,"14":2,"15":2,"16":2,"17":2,"18":2,"19":0,"20":2,"21":1,"22":1,"23":1,"24":1,"25":1,"26":0,"27":0,"28":1,"29":1,"30":2,"31":0,"32":0,"33":0,"34":1,"35":2,"36":2,"37":3,"38":3,"39":3,"40":3,"41":0,"42":3,"43":3,"44":3,"45":1,"46":3,"47":1,"48":1,"49":1,"50":1,"51":1,"52":1,"53":1,"54":1,"55":1,"56":1,"57":0,"58":1,"59":6,"60":6,"61":1,"62":2,"63":0,"64":2,"65":1,"66":1,"67":0,"68":0,"69":0,"70":0,"71":0,"72":0,"73":0,"74":0,"75":0,"76":0,"77":0,"78":0,"79":0,"80":0,"81":0,"82":0,"83":0},"b":{"1":[2,1,1,1],"2":[1,1,1,1],"3":[1,1],"4":[2,2],"5":[1,1],"6":[1,1],"7":[2,0],"8":[2,1,1,1,1,1],"9":[0,2,0],"10":[1,1],"11":[2,1,1],"12":[1,0],"13":[0,2],"14":[2,0,0,0,0,0,0],"15":[0,3],"16":[3,0],"17":[1,1],"18":[0,1],"19":[1,2,0,2],"20":[1,0],"21":[1,1],"22":[0,0],"23":[0,0],"24":[0,0],"25":[0,0],"26":[0,0],"27":[0,0],"28":[0,0]},"f":{"1":2,"2":2,"3":2,"4":2,"5":2,"6":2,"7":3,"8":3,"9":3,"10":1,"11":6,"12":0},"fnMap":{"1":{"name":"(anonymous_1)","line":26,"loc":{"start":{"line":26,"column":1},"end":{"line":26,"column":13}}},"2":{"name":"(anonymous_2)","line":33,"loc":{"start":{"line":33,"column":5},"end":{"line":33,"column":17}}},"3":{"name":"(anonymous_3)","line":37,"loc":{"start":{"line":37,"column":24},"end":{"line":37,"column":36}}},"4":{"name":"(anonymous_4)","line":69,"loc":{"start":{"line":69,"column":31},"end":{"line":69,"column":48}},"skip":true},"5":{"name":"(anonymous_5)","line":78,"loc":{"start":{"line":78,"column":26},"end":{"line":78,"column":45}},"skip":true},"6":{"name":"(anonymous_6)","line":123,"loc":{"start":{"line":123,"column":33},"end":{"line":123,"column":48}},"skip":true},"7":{"name":"(anonymous_7)","line":125,"loc":{"start":{"line":125,"column":27},"end":{"line":125,"column":39}},"skip":true},"8":{"name":"(anonymous_8)","line":133,"loc":{"start":{"line":133,"column":59},"end":{"line":133,"column":74}},"skip":true},"9":{"name":"(anonymous_9)","line":143,"loc":{"start":{"line":143,"column":45},"end":{"line":143,"column":62}},"skip":true},"10":{"name":"(anonymous_10)","line":144,"loc":{"start":{"line":144,"column":73},"end":{"line":144,"column":92}},"skip":true},"11":{"name":"(anonymous_11)","line":272,"loc":{"start":{"line":272,"column":51},"end":{"line":272,"column":77}},"skip":true},"12":{"name":"(anonymous_12)","line":315,"loc":{"start":{"line":315,"column":32},"end":{"line":315,"column":61}},"skip":true}},"statementMap":{"1":{"start":{"line":26,"column":0},"end":{"line":326,"column":5}},"2":{"start":{"line":28,"column":4},"end":{"line":28,"column":14}},"3":{"start":{"line":33,"column":4},"end":{"line":60,"column":9}},"4":{"start":{"line":35,"column":8},"end":{"line":35,"column":19}},"5":{"start":{"line":37,"column":8},"end":{"line":49,"column":13}},"6":{"start":{"line":38,"column":12},"end":{"line":48,"column":13}},"7":{"start":{"line":39,"column":16},"end":{"line":42,"column":30}},"8":{"start":{"line":44,"column":16},"end":{"line":47,"column":27}},"9":{"start":{"line":51,"column":8},"end":{"line":53,"column":21}},"10":{"start":{"line":55,"column":8},"end":{"line":57,"column":45}},"11":{"start":{"line":59,"column":8},"end":{"line":59,"column":35}},"12":{"start":{"line":61,"column":4},"end":{"line":325,"column":5}},"13":{"start":{"line":69,"column":8},"end":{"line":121,"column":10},"skip":true},"14":{"start":{"line":70,"column":12},"end":{"line":88,"column":13},"skip":true},"15":{"start":{"line":76,"column":16},"end":{"line":87,"column":19},"skip":true},"16":{"start":{"line":79,"column":20},"end":{"line":86,"column":21},"skip":true},"17":{"start":{"line":82,"column":24},"end":{"line":82,"column":43},"skip":true},"18":{"start":{"line":83,"column":24},"end":{"line":83,"column":30},"skip":true},"19":{"start":{"line":85,"column":24},"end":{"line":85,"column":49},"skip":true},"20":{"start":{"line":89,"column":12},"end":{"line":107,"column":13},"skip":true},"21":{"start":{"line":92,"column":16},"end":{"line":102,"column":17},"skip":true},"22":{"start":{"line":93,"column":20},"end":{"line":93,"column":86},"skip":true},"23":{"start":{"line":94,"column":20},"end":{"line":95,"column":45},"skip":true},"24":{"start":{"line":96,"column":20},"end":{"line":96,"column":42},"skip":true},"25":{"start":{"line":97,"column":20},"end":{"line":97,"column":48},"skip":true},"26":{"start":{"line":100,"column":20},"end":{"line":100,"column":85},"skip":true},"27":{"start":{"line":101,"column":20},"end":{"line":101,"column":96},"skip":true},"28":{"start":{"line":103,"column":16},"end":{"line":103,"column":22},"skip":true},"29":{"start":{"line":106,"column":16},"end":{"line":106,"column":22},"skip":true},"30":{"start":{"line":108,"column":12},"end":{"line":120,"column":13},"skip":true},"31":{"start":{"line":114,"column":16},"end":{"line":119,"column":17},"skip":true},"32":{"start":{"line":116,"column":20},"end":{"line":116,"column":78},"skip":true},"33":{"start":{"line":118,"column":20},"end":{"line":118,"column":47},"skip":true},"34":{"start":{"line":123,"column":8},"end":{"line":141,"column":11},"skip":true},"35":{"start":{"line":124,"column":12},"end":{"line":124,"column":54},"skip":true},"36":{"start":{"line":125,"column":12},"end":{"line":140,"column":14},"skip":true},"37":{"start":{"line":126,"column":16},"end":{"line":126,"column":28},"skip":true},"38":{"start":{"line":127,"column":16},"end":{"line":127,"column":69},"skip":true},"39":{"start":{"line":128,"column":16},"end":{"line":128,"column":75},"skip":true},"40":{"start":{"line":129,"column":16},"end":{"line":131,"column":17},"skip":true},"41":{"start":{"line":130,"column":20},"end":{"line":130,"column":27},"skip":true},"42":{"start":{"line":133,"column":16},"end":{"line":137,"column":36},"skip":true},"43":{"start":{"line":134,"column":20},"end":{"line":136,"column":55},"skip":true},"44":{"start":{"line":139,"column":16},"end":{"line":139,"column":57},"skip":true},"45":{"start":{"line":143,"column":8},"end":{"line":147,"column":11},"skip":true},"46":{"start":{"line":144,"column":12},"end":{"line":146,"column":15},"skip":true},"47":{"start":{"line":145,"column":16},"end":{"line":145,"column":70},"skip":true},"48":{"start":{"line":149,"column":8},"end":{"line":149,"column":31},"skip":true},"49":{"start":{"line":150,"column":8},"end":{"line":150,"column":14},"skip":true},"50":{"start":{"line":158,"column":8},"end":{"line":158,"column":31},"skip":true},"51":{"start":{"line":160,"column":8},"end":{"line":160,"column":33},"skip":true},"52":{"start":{"line":161,"column":8},"end":{"line":161,"column":37},"skip":true},"53":{"start":{"line":162,"column":8},"end":{"line":162,"column":35},"skip":true},"54":{"start":{"line":164,"column":8},"end":{"line":164,"column":50},"skip":true},"55":{"start":{"line":166,"column":8},"end":{"line":256,"column":2},"skip":true},"56":{"start":{"line":258,"column":8},"end":{"line":286,"column":9},"skip":true},"57":{"start":{"line":259,"column":12},"end":{"line":269,"column":14},"skip":true},"58":{"start":{"line":271,"column":12},"end":{"line":285,"column":19},"skip":true},"59":{"start":{"line":274,"column":20},"end":{"line":274,"column":35},"skip":true},"60":{"start":{"line":275,"column":20},"end":{"line":284,"column":21},"skip":true},"61":{"start":{"line":277,"column":24},"end":{"line":277,"column":64},"skip":true},"62":{"start":{"line":279,"column":24},"end":{"line":279,"column":40},"skip":true},"63":{"start":{"line":281,"column":24},"end":{"line":281,"column":40},"skip":true},"64":{"start":{"line":283,"column":24},"end":{"line":283,"column":39},"skip":true},"65":{"start":{"line":288,"column":8},"end":{"line":290,"column":9},"skip":true},"66":{"start":{"line":289,"column":12},"end":{"line":289,"column":18},"skip":true},"67":{"start":{"line":291,"column":8},"end":{"line":293,"column":54},"skip":true},"68":{"start":{"line":296,"column":8},"end":{"line":301,"column":37},"skip":true},"69":{"start":{"line":303,"column":8},"end":{"line":303,"column":82},"skip":true},"70":{"start":{"line":306,"column":8},"end":{"line":308,"column":9},"skip":true},"71":{"start":{"line":307,"column":12},"end":{"line":307,"column":82},"skip":true},"72":{"start":{"line":310,"column":8},"end":{"line":312,"column":9},"skip":true},"73":{"start":{"line":311,"column":12},"end":{"line":311,"column":18},"skip":true},"74":{"start":{"line":313,"column":8},"end":{"line":313,"column":54},"skip":true},"75":{"start":{"line":314,"column":8},"end":{"line":314,"column":69},"skip":true},"76":{"start":{"line":315,"column":8},"end":{"line":323,"column":36},"skip":true},"77":{"start":{"line":316,"column":12},"end":{"line":316,"column":61},"skip":true},"78":{"start":{"line":317,"column":12},"end":{"line":320,"column":13},"skip":true},"79":{"start":{"line":318,"column":16},"end":{"line":318,"column":75},"skip":true},"80":{"start":{"line":319,"column":16},"end":{"line":319,"column":23},"skip":true},"81":{"start":{"line":321,"column":12},"end":{"line":321,"column":38},"skip":true},"82":{"start":{"line":322,"column":12},"end":{"line":322,"column":27},"skip":true},"83":{"start":{"line":324,"column":8},"end":{"line":324,"column":14},"skip":true}},"branchMap":{"1":{"line":39,"type":"binary-expr","locations":[{"start":{"line":39,"column":23},"end":{"line":39,"column":62}},{"start":{"line":40,"column":20},"end":{"line":40,"column":70}},{"start":{"line":41,"column":20},"end":{"line":41,"column":71}},{"start":{"line":42,"column":20},"end":{"line":42,"column":29}}]},"2":{"line":44,"type":"binary-expr","locations":[{"start":{"line":44,"column":23},"end":{"line":44,"column":37}},{"start":{"line":45,"column":20},"end":{"line":45,"column":61}},{"start":{"line":46,"column":20},"end":{"line":46,"column":70}},{"start":{"line":47,"column":20},"end":{"line":47,"column":26}}]},"3":{"line":51,"type":"cond-expr","locations":[{"start":{"line":52,"column":14},"end":{"line":52,"column":20}},{"start":{"line":53,"column":14},"end":{"line":53,"column":20}}]},"4":{"line":55,"type":"binary-expr","locations":[{"start":{"line":55,"column":16},"end":{"line":55,"column":44}},{"start":{"line":55,"column":49},"end":{"line":57,"column":43}}]},"5":{"line":55,"type":"cond-expr","locations":[{"start":{"line":56,"column":14},"end":{"line":56,"column":56}},{"start":{"line":57,"column":14},"end":{"line":57,"column":43}}]},"6":{"line":61,"type":"switch","locations":[{"start":{"line":68,"column":4},"end":{"line":150,"column":14},"skip":true},{"start":{"line":156,"column":4},"end":{"line":324,"column":14},"skip":true}]},"7":{"line":70,"type":"if","locations":[{"start":{"line":70,"column":12},"end":{"line":70,"column":12},"skip":true},{"start":{"line":70,"column":12},"end":{"line":70,"column":12},"skip":true}]},"8":{"line":70,"type":"binary-expr","locations":[{"start":{"line":70,"column":16},"end":{"line":70,"column":22},"skip":true},{"start":{"line":70,"column":27},"end":{"line":70,"column":32},"skip":true},{"start":{"line":71,"column":20},"end":{"line":71,"column":39},"skip":true},{"start":{"line":72,"column":20},"end":{"line":72,"column":49},"skip":true},{"start":{"line":73,"column":20},"end":{"line":73,"column":58},"skip":true},{"start":{"line":74,"column":20},"end":{"line":74,"column":69},"skip":true}]},"9":{"line":79,"type":"switch","locations":[{"start":{"line":80,"column":20},"end":{"line":80,"column":33},"skip":true},{"start":{"line":81,"column":20},"end":{"line":83,"column":30},"skip":true},{"start":{"line":84,"column":20},"end":{"line":85,"column":49},"skip":true}]},"10":{"line":89,"type":"switch","locations":[{"start":{"line":90,"column":12},"end":{"line":103,"column":22},"skip":true},{"start":{"line":105,"column":12},"end":{"line":106,"column":22},"skip":true}]},"11":{"line":89,"type":"binary-expr","locations":[{"start":{"line":89,"column":20},"end":{"line":89,"column":25},"skip":true},{"start":{"line":89,"column":29},"end":{"line":89,"column":48},"skip":true},{"start":{"line":89,"column":52},"end":{"line":89,"column":74},"skip":true}]},"12":{"line":92,"type":"if","locations":[{"start":{"line":92,"column":16},"end":{"line":92,"column":16},"skip":true},{"start":{"line":92,"column":16},"end":{"line":92,"column":16},"skip":true}]},"13":{"line":108,"type":"if","locations":[{"start":{"line":108,"column":12},"end":{"line":108,"column":12},"skip":true},{"start":{"line":108,"column":12},"end":{"line":108,"column":12},"skip":true}]},"14":{"line":108,"type":"binary-expr","locations":[{"start":{"line":108,"column":16},"end":{"line":108,"column":61},"skip":true},{"start":{"line":108,"column":66},"end":{"line":108,"column":72},"skip":true},{"start":{"line":108,"column":77},"end":{"line":108,"column":82},"skip":true},{"start":{"line":109,"column":20},"end":{"line":109,"column":39},"skip":true},{"start":{"line":110,"column":20},"end":{"line":110,"column":49},"skip":true},{"start":{"line":111,"column":20},"end":{"line":111,"column":58},"skip":true},{"start":{"line":112,"column":20},"end":{"line":112,"column":68},"skip":true}]},"15":{"line":129,"type":"if","locations":[{"start":{"line":129,"column":16},"end":{"line":129,"column":16},"skip":true},{"start":{"line":129,"column":16},"end":{"line":129,"column":16},"skip":true}]},"16":{"line":134,"type":"cond-expr","locations":[{"start":{"line":135,"column":26},"end":{"line":135,"column":29},"skip":true},{"start":{"line":136,"column":26},"end":{"line":136,"column":54},"skip":true}]},"17":{"line":164,"type":"binary-expr","locations":[{"start":{"line":164,"column":27},"end":{"line":164,"column":43},"skip":true},{"start":{"line":164,"column":47},"end":{"line":164,"column":49},"skip":true}]},"18":{"line":258,"type":"if","locations":[{"start":{"line":258,"column":8},"end":{"line":258,"column":8},"skip":true},{"start":{"line":258,"column":8},"end":{"line":258,"column":8},"skip":true}]},"19":{"line":275,"type":"switch","locations":[{"start":{"line":276,"column":20},"end":{"line":277,"column":64},"skip":true},{"start":{"line":278,"column":20},"end":{"line":279,"column":40},"skip":true},{"start":{"line":280,"column":20},"end":{"line":281,"column":40},"skip":true},{"start":{"line":282,"column":20},"end":{"line":283,"column":39},"skip":true}]},"20":{"line":288,"type":"if","locations":[{"start":{"line":288,"column":8},"end":{"line":288,"column":8},"skip":true},{"start":{"line":288,"column":8},"end":{"line":288,"column":8},"skip":true}]},"21":{"line":288,"type":"binary-expr","locations":[{"start":{"line":288,"column":12},"end":{"line":288,"column":40},"skip":true},{"start":{"line":288,"column":44},"end":{"line":288,"column":67},"skip":true}]},"22":{"line":292,"type":"binary-expr","locations":[{"start":{"line":292,"column":12},"end":{"line":292,"column":50},"skip":true},{"start":{"line":293,"column":12},"end":{"line":293,"column":53},"skip":true}]},"23":{"line":297,"type":"binary-expr","locations":[{"start":{"line":297,"column":12},"end":{"line":297,"column":70},"skip":true},{"start":{"line":298,"column":12},"end":{"line":301,"column":36},"skip":true}]},"24":{"line":303,"type":"binary-expr","locations":[{"start":{"line":303,"column":43},"end":{"line":303,"column":75},"skip":true},{"start":{"line":303,"column":79},"end":{"line":303,"column":81},"skip":true}]},"25":{"line":306,"type":"if","locations":[{"start":{"line":306,"column":8},"end":{"line":306,"column":8},"skip":true},{"start":{"line":306,"column":8},"end":{"line":306,"column":8},"skip":true}]},"26":{"line":310,"type":"if","locations":[{"start":{"line":310,"column":8},"end":{"line":310,"column":8},"skip":true},{"start":{"line":310,"column":8},"end":{"line":310,"column":8},"skip":true}]},"27":{"line":313,"type":"binary-expr","locations":[{"start":{"line":313,"column":27},"end":{"line":313,"column":43},"skip":true},{"start":{"line":313,"column":47},"end":{"line":313,"column":53},"skip":true}]},"28":{"line":317,"type":"if","locations":[{"start":{"line":317,"column":12},"end":{"line":317,"column":12},"skip":true},{"start":{"line":317,"column":12},"end":{"line":317,"column":12},"skip":true}]}},"code":["/*","example.js","","quickstart example","","instruction","    1. save this script as example.js","    2. run the shell command:","        $ npm install npmtest-bignumber.js && PORT=8081 node example.js","    3. play with the browser-demo on http://127.0.0.1:8081","*/","","","","/* istanbul instrument in package npmtest_bignumber_js */","/*jslint","    bitwise: true,","    browser: true,","    maxerr: 8,","    maxlen: 96,","    node: true,","    nomen: true,","    regexp: true,","    stupid: true","*/","(function () {","    'use strict';","    var local;","","","","    // run shared js-env code - init-before","    (function () {","        // init local","        local = {};","        // init modeJs","        local.modeJs = (function () {","            try {","                return typeof navigator.userAgent === 'string' &&","                    typeof document.querySelector('body') === 'object' &&","                    typeof XMLHttpRequest.prototype.open === 'function' &&","                    'browser';","            } catch (errorCaughtBrowser) {","                return module.exports &&","                    typeof process.versions.node === 'string' &&","                    typeof require('http').createServer === 'function' &&","                    'node';","            }","        }());","        // init global","        local.global = local.modeJs === 'browser'","            ? window","            : global;","        // init utility2_rollup","        local = local.global.utility2_rollup || (local.modeJs === 'browser'","            ? local.global.utility2_npmtest_bignumber_js","            : global.utility2_moduleExports);","        // export local","        local.global.local = local;","    }());","    switch (local.modeJs) {","","","","    // init-after","    // run browser js-env code - init-after","    /* istanbul ignore next */","    case 'browser':","        local.testRunBrowser = function (event) {","            if (!event || (event &&","                    event.currentTarget &&","                    event.currentTarget.className &&","                    event.currentTarget.className.includes &&","                    event.currentTarget.className.includes('onreset'))) {","                // reset output","                Array.from(","                    document.querySelectorAll('body > .resettable')","                ).forEach(function (element) {","                    switch (element.tagName) {","                    case 'INPUT':","                    case 'TEXTAREA':","                        element.value = '';","                        break;","                    default:","                        element.textContent = '';","                    }","                });","            }","            switch (event && event.currentTarget && event.currentTarget.id) {","            case 'testRunButton1':","                // show tests","                if (document.querySelector('#testReportDiv1').style.display === 'none') {","                    document.querySelector('#testReportDiv1').style.display = 'block';","                    document.querySelector('#testRunButton1').textContent =","                        'hide internal test';","                    local.modeTest = true;","                    local.testRunDefault(local);","                // hide tests","                } else {","                    document.querySelector('#testReportDiv1').style.display = 'none';","                    document.querySelector('#testRunButton1').textContent = 'run internal test';","                }","                break;","            // custom-case","            default:","                break;","            }","            if (document.querySelector('#inputTextareaEval1') && (!event || (event &&","                    event.currentTarget &&","                    event.currentTarget.className &&","                    event.currentTarget.className.includes &&","                    event.currentTarget.className.includes('oneval')))) {","                // try to eval input-code","                try {","                    /*jslint evil: true*/","                    eval(document.querySelector('#inputTextareaEval1').value);","                } catch (errorCaught) {","                    console.error(errorCaught);","                }","            }","        };","        // log stderr and stdout to #outputTextareaStdout1","        ['error', 'log'].forEach(function (key) {","            console[key + '_original'] = console[key];","            console[key] = function () {","                var element;","                console[key + '_original'].apply(console, arguments);","                element = document.querySelector('#outputTextareaStdout1');","                if (!element) {","                    return;","                }","                // append text to #outputTextareaStdout1","                element.value += Array.from(arguments).map(function (arg) {","                    return typeof arg === 'string'","                        ? arg","                        : JSON.stringify(arg, null, 4);","                }).join(' ') + '\\n';","                // scroll textarea to bottom","                element.scrollTop = element.scrollHeight;","            };","        });","        // init event-handling","        ['change', 'click', 'keyup'].forEach(function (event) {","            Array.from(document.querySelectorAll('.on' + event)).forEach(function (element) {","                element.addEventListener(event, local.testRunBrowser);","            });","        });","        // run tests","        local.testRunBrowser();","        break;","","","","    // run node js-env code - init-after","    /* istanbul ignore next */","    case 'node':","        // export local","        module.exports = local;","        // require modules","        local.fs = require('fs');","        local.http = require('http');","        local.url = require('url');","        // init assets","        local.assetsDict = local.assetsDict || {};","        /* jslint-ignore-begin */","        local.assetsDict['/assets.index.template.html'] = '\\","<!doctype html>\\n\\","<html lang=\"en\">\\n\\","<head>\\n\\","<meta charset=\"UTF-8\">\\n\\","<meta name=\"viewport\" content=\"width=device-width, initial-scale=1\">\\n\\","<title>{{env.npm_package_name}} (v{{env.npm_package_version}})</title>\\n\\","<style>\\n\\","/*csslint\\n\\","    box-sizing: false,\\n\\","    universal-selector: false\\n\\","*/\\n\\","* {\\n\\","    box-sizing: border-box;\\n\\","}\\n\\","body {\\n\\","    background: #dde;\\n\\","    font-family: Arial, Helvetica, sans-serif;\\n\\","    margin: 2rem;\\n\\","}\\n\\","body > * {\\n\\","    margin-bottom: 1rem;\\n\\","}\\n\\",".utility2FooterDiv {\\n\\","    margin-top: 20px;\\n\\","    text-align: center;\\n\\","}\\n\\","</style>\\n\\","<style>\\n\\","/*csslint\\n\\","*/\\n\\","textarea {\\n\\","    font-family: monospace;\\n\\","    height: 10rem;\\n\\","    width: 100%;\\n\\","}\\n\\","textarea[readonly] {\\n\\","    background: #ddd;\\n\\","}\\n\\","</style>\\n\\","</head>\\n\\","<body>\\n\\","<!-- utility2-comment\\n\\","<div id=\"ajaxProgressDiv1\" style=\"background: #d00; height: 2px; left: 0; margin: 0; padding: 0; position: fixed; top: 0; transition: background 0.5s, width 1.5s; width: 25%;\"></div>\\n\\","utility2-comment -->\\n\\","<h1>\\n\\","<!-- utility2-comment\\n\\","    <a\\n\\","        {{#if env.npm_package_homepage}}\\n\\","        href=\"{{env.npm_package_homepage}}\"\\n\\","        {{/if env.npm_package_homepage}}\\n\\","        target=\"_blank\"\\n\\","    >\\n\\","utility2-comment -->\\n\\","        {{env.npm_package_name}} (v{{env.npm_package_version}})\\n\\","<!-- utility2-comment\\n\\","    </a>\\n\\","utility2-comment -->\\n\\","</h1>\\n\\","<h3>{{env.npm_package_description}}</h3>\\n\\","<!-- utility2-comment\\n\\","<h4><a download href=\"assets.app.js\">download standalone app</a></h4>\\n\\","<button class=\"onclick onreset\" id=\"testRunButton1\">run internal test</button><br>\\n\\","<div id=\"testReportDiv1\" style=\"display: none;\"></div>\\n\\","utility2-comment -->\\n\\","\\n\\","\\n\\","\\n\\","<label>stderr and stdout</label>\\n\\","<textarea class=\"resettable\" id=\"outputTextareaStdout1\" readonly></textarea>\\n\\","<!-- utility2-comment\\n\\","{{#if isRollup}}\\n\\","<script src=\"assets.app.js\"></script>\\n\\","{{#unless isRollup}}\\n\\","utility2-comment -->\\n\\","<script src=\"assets.utility2.rollup.js\"></script>\\n\\","<script src=\"jsonp.utility2._stateInit?callback=window.utility2._stateInit\"></script>\\n\\","<script src=\"assets.npmtest_bignumber_js.rollup.js\"></script>\\n\\","<script src=\"assets.example.js\"></script>\\n\\","<script src=\"assets.test.js\"></script>\\n\\","<!-- utility2-comment\\n\\","{{/if isRollup}}\\n\\","utility2-comment -->\\n\\","<div class=\"utility2FooterDiv\">\\n\\","    [ this app was created with\\n\\","    <a href=\"https://github.com/kaizhu256/node-utility2\" target=\"_blank\">utility2</a>\\n\\","    ]\\n\\","</div>\\n\\","</body>\\n\\","</html>\\n\\","';","        /* jslint-ignore-end */","        if (local.templateRender) {","            local.assetsDict['/'] = local.templateRender(","                local.assetsDict['/assets.index.template.html'],","                {","                    env: local.objectSetDefault(local.env, {","                        npm_package_description: 'the greatest app in the world!',","                        npm_package_name: 'my-app',","                        npm_package_nameAlias: 'my_app',","                        npm_package_version: '0.0.1'","                    })","                }","            );","        } else {","            local.assetsDict['/'] = local.assetsDict['/assets.index.template.html']","                .replace((/\\{\\{env\\.(\\w+?)\\}\\}/g), function (match0, match1) {","                    // jslint-hack","                    String(match0);","                    switch (match1) {","                    case 'npm_package_description':","                        return 'the greatest app in the world!';","                    case 'npm_package_name':","                        return 'my-app';","                    case 'npm_package_nameAlias':","                        return 'my_app';","                    case 'npm_package_version':","                        return '0.0.1';","                    }","                });","        }","        // run the cli","        if (local.global.utility2_rollup || module !== require.main) {","            break;","        }","        local.assetsDict['/assets.example.js'] =","            local.assetsDict['/assets.example.js'] ||","            local.fs.readFileSync(__filename, 'utf8');","        // bug-workaround - long $npm_package_buildCustomOrg","        /* jslint-ignore-begin */","        local.assetsDict['/assets.npmtest_bignumber_js.rollup.js'] =","            local.assetsDict['/assets.npmtest_bignumber_js.rollup.js'] ||","            local.fs.readFileSync(","                local.npmtest_bignumber_js.__dirname + '/lib.npmtest_bignumber_js.js',","                'utf8'","            ).replace((/^#!/), '//');","        /* jslint-ignore-end */","        local.assetsDict['/favicon.ico'] = local.assetsDict['/favicon.ico'] || '';","        // if $npm_config_timeout_exit exists,","        // then exit this process after $npm_config_timeout_exit ms","        if (Number(process.env.npm_config_timeout_exit)) {","            setTimeout(process.exit, Number(process.env.npm_config_timeout_exit));","        }","        // start server","        if (local.global.utility2_serverHttp1) {","            break;","        }","        process.env.PORT = process.env.PORT || '8081';","        console.error('server starting on port ' + process.env.PORT);","        local.http.createServer(function (request, response) {","            request.urlParsed = local.url.parse(request.url);","            if (local.assetsDict[request.urlParsed.pathname] !== undefined) {","                response.end(local.assetsDict[request.urlParsed.pathname]);","                return;","            }","            response.statusCode = 404;","            response.end();","        }).listen(process.env.PORT);","        break;","    }","}());",""],"l":{"26":2,"28":2,"33":2,"35":2,"37":2,"38":2,"39":2,"44":1,"51":2,"55":2,"59":2,"61":2,"69":1,"70":2,"76":2,"79":2,"82":2,"83":2,"85":1,"89":2,"92":1,"93":1,"94":1,"96":1,"97":1,"100":1,"101":1,"103":1,"106":1,"108":2,"114":1,"116":1,"118":1,"123":1,"124":2,"125":2,"126":3,"127":3,"128":3,"129":3,"130":1,"133":3,"134":3,"139":3,"143":1,"144":3,"145":1,"149":1,"150":1,"158":1,"160":1,"161":1,"162":1,"164":1,"166":1,"258":1,"259":1,"271":1,"274":6,"275":6,"277":1,"279":2,"281":1,"283":2,"288":1,"289":1,"291":1,"296":1,"303":1,"306":1,"307":1,"310":1,"311":1,"313":1,"314":1,"315":1,"316":1,"317":1,"318":1,"319":1,"321":1,"322":1,"324":1}},"/home/travis/build/npmtest/node-npmtest-bignumber.js/node_modules/bignumber.js/bignumber.js":{"path":"/home/travis/build/npmtest/node-npmtest-bignumber.js/node_modules/bignumber.js/bignumber.js","s":{"1":1,"2":1,"3":1,"4":1,"5":1,"6":1,"7":1,"8":0,"9":0,"10":0,"11":1,"12":1,"13":0,"14":0,"15":0,"16":0,"17":0,"18":1,"19":1,"20":1,"21":1,"22":1,"23":1,"24":1,"25":1,"26":0,"27":0,"28":0,"29":0,"30":0,"31":0,"32":0,"33":0,"34":0,"35":0,"36":0,"37":0,"38":0,"39":0,"40":0,"41":0,"42":0,"43":0,"44":0,"45":0,"46":0,"47":0,"48":0,"49":0,"50":0,"51":0,"52":0,"53":0,"54":0,"55":0,"56":0,"57":0,"58":0,"59":0,"60":0,"61":0,"62":0,"63":0,"64":0,"65":0,"66":0,"67":0,"68":0,"69":0,"70":0,"71":0,"72":0,"73":0,"74":0,"75":0,"76":0,"77":0,"78":0,"79":0,"80":0,"81":0,"82":1,"83":1,"84":1,"85":1,"86":1,"87":1,"88":1,"89":1,"90":1,"91":1,"92":1,"93":1,"94":0,"95":0,"96":0,"97":0,"98":0,"99":0,"100":0,"101":0,"102":0,"103":0,"104":0,"105":0,"106":0,"107":0,"108":0,"109":0,"110":0,"111":0,"112":0,"113":0,"114":0,"115":0,"116":0,"117":0,"118":0,"119":0,"120":0,"121":0,"122":0,"123":0,"124":0,"125":0,"126":0,"127":0,"128":0,"129":0,"130":0,"131":0,"132":0,"133":0,"134":0,"135":0,"136":0,"137":0,"138":0,"139":0,"140":0,"141":0,"142":0,"143":0,"144":0,"145":0,"146":0,"147":0,"148":0,"149":0,"150":0,"151":0,"152":0,"153":0,"154":0,"155":0,"156":0,"157":1,"158":0,"159":1,"160":0,"161":1,"162":1,"163":1,"164":0,"165":0,"166":1,"167":0,"168":0,"169":0,"170":0,"171":0,"172":0,"173":0,"174":0,"175":0,"176":0,"177":0,"178":0,"179":0,"180":0,"181":0,"182":0,"183":0,"184":0,"185":0,"186":0,"187":0,"188":0,"189":0,"190":0,"191":0,"192":0,"193":0,"194":0,"195":0,"196":0,"197":0,"198":0,"199":0,"200":0,"201":0,"202":0,"203":0,"204":0,"205":0,"206":0,"207":0,"208":0,"209":0,"210":0,"211":0,"212":0,"213":0,"214":1,"215":0,"216":0,"217":0,"218":0,"219":0,"220":0,"221":0,"222":0,"223":0,"224":0,"225":0,"226":0,"227":0,"228":0,"229":0,"230":0,"231":0,"232":0,"233":0,"234":0,"235":0,"236":0,"237":0,"238":0,"239":0,"240":0,"241":0,"242":0,"243":0,"244":0,"245":0,"246":0,"247":0,"248":0,"249":0,"250":0,"251":0,"252":0,"253":0,"254":0,"255":0,"256":0,"257":0,"258":0,"259":1,"260":1,"261":0,"262":0,"263":0,"264":0,"265":0,"266":0,"267":0,"268":0,"269":0,"270":0,"271":0,"272":1,"273":0,"274":0,"275":0,"276":0,"277":0,"278":0,"279":0,"280":0,"281":1,"282":0,"283":0,"284":0,"285":0,"286":0,"287":0,"288":1,"289":0,"290":0,"291":0,"292":0,"293":0,"294":0,"295":0,"296":0,"297":0,"298":0,"299":0,"300":0,"301":0,"302":0,"303":0,"304":0,"305":0,"306":0,"307":0,"308":0,"309":0,"310":0,"311":0,"312":0,"313":0,"314":0,"315":0,"316":0,"317":0,"318":0,"319":0,"320":0,"321":0,"322":0,"323":0,"324":0,"325":0,"326":0,"327":0,"328":0,"329":0,"330":0,"331":0,"332":0,"333":0,"334":0,"335":0,"336":0,"337":0,"338":0,"339":0,"340":0,"341":0,"342":0,"343":0,"344":0,"345":0,"346":0,"347":0,"348":0,"349":0,"350":0,"351":0,"352":0,"353":0,"354":0,"355":0,"356":0,"357":0,"358":0,"359":0,"360":0,"361":0,"362":0,"363":0,"364":0,"365":0,"366":0,"367":0,"368":0,"369":0,"370":0,"371":0,"372":0,"373":0,"374":1,"375":0,"376":0,"377":0,"378":0,"379":0,"380":0,"381":0,"382":0,"383":0,"384":0,"385":0,"386":0,"387":0,"388":0,"389":0,"390":0,"391":0,"392":0,"393":0,"394":0,"395":0,"396":0,"397":0,"398":0,"399":0,"400":0,"401":0,"402":1,"403":0,"404":0,"405":0,"406":0,"407":0,"408":0,"409":0,"410":0,"411":0,"412":0,"413":0,"414":0,"415":1,"416":0,"417":0,"418":0,"419":1,"420":0,"421":0,"422":0,"423":0,"424":0,"425":0,"426":0,"427":0,"428":0,"429":0,"430":1,"431":1,"432":1,"433":0,"434":0,"435":0,"436":0,"437":0,"438":0,"439":0,"440":0,"441":0,"442":0,"443":0,"444":0,"445":0,"446":0,"447":0,"448":0,"449":0,"450":1,"451":0,"452":0,"453":0,"454":0,"455":1,"456":0,"457":0,"458":0,"459":0,"460":0,"461":0,"462":0,"463":0,"464":0,"465":0,"466":0,"467":0,"468":0,"469":0,"470":0,"471":0,"472":0,"473":0,"474":0,"475":0,"476":0,"477":0,"478":0,"479":0,"480":0,"481":0,"482":0,"483":0,"484":0,"485":0,"486":0,"487":0,"488":0,"489":0,"490":0,"491":0,"492":0,"493":0,"494":0,"495":0,"496":0,"497":0,"498":0,"499":0,"500":0,"501":0,"502":0,"503":0,"504":0,"505":0,"506":0,"507":0,"508":0,"509":0,"510":0,"511":0,"512":0,"513":0,"514":0,"515":0,"516":0,"517":0,"518":0,"519":1,"520":0,"521":0,"522":0,"523":0,"524":1,"525":0,"526":1,"527":0,"528":0,"529":1,"530":0,"531":0,"532":0,"533":0,"534":0,"535":0,"536":0,"537":0,"538":0,"539":1,"540":0,"541":0,"542":1,"543":0,"544":0,"545":1,"546":0,"547":0,"548":1,"549":0,"550":1,"551":0,"552":0,"553":1,"554":0,"555":0,"556":1,"557":0,"558":1,"559":0,"560":1,"561":0,"562":1,"563":0,"564":1,"565":0,"566":1,"567":0,"568":0,"569":1,"570":0,"571":0,"572":1,"573":0,"574":0,"575":0,"576":0,"577":0,"578":0,"579":0,"580":0,"581":0,"582":0,"583":0,"584":0,"585":0,"586":0,"587":0,"588":0,"589":0,"590":0,"591":0,"592":0,"593":0,"594":0,"595":0,"596":0,"597":0,"598":0,"599":0,"600":0,"601":0,"602":0,"603":0,"604":0,"605":0,"606":0,"607":0,"608":0,"609":0,"610":0,"611":0,"612":0,"613":0,"614":0,"615":0,"616":0,"617":0,"618":0,"619":0,"620":0,"621":0,"622":0,"623":1,"624":0,"625":0,"626":0,"627":0,"628":0,"629":0,"630":0,"631":0,"632":0,"633":0,"634":0,"635":0,"636":0,"637":0,"638":0,"639":1,"640":0,"641":0,"642":0,"643":1,"644":0,"645":0,"646":0,"647":0,"648":0,"649":0,"650":0,"651":0,"652":0,"653":0,"654":0,"655":0,"656":0,"657":0,"658":0,"659":0,"660":0,"661":0,"662":0,"663":0,"664":0,"665":0,"666":0,"667":0,"668":0,"669":0,"670":0,"671":0,"672":0,"673":0,"674":0,"675":0,"676":0,"677":0,"678":0,"679":0,"680":0,"681":0,"682":1,"683":0,"684":0,"685":0,"686":0,"687":0,"688":0,"689":0,"690":0,"691":0,"692":0,"693":0,"694":0,"695":0,"696":0,"697":0,"698":0,"699":1,"700":0,"701":0,"702":0,"703":0,"704":1,"705":0,"706":0,"707":1,"708":0,"709":0,"710":0,"711":0,"712":0,"713":0,"714":0,"715":0,"716":0,"717":0,"718":0,"719":0,"720":0,"721":0,"722":0,"723":0,"724":0,"725":0,"726":0,"727":0,"728":0,"729":0,"730":0,"731":0,"732":0,"733":0,"734":0,"735":0,"736":0,"737":0,"738":0,"739":0,"740":0,"741":0,"742":0,"743":0,"744":0,"745":0,"746":0,"747":0,"748":0,"749":0,"750":1,"751":0,"752":0,"753":0,"754":0,"755":0,"756":0,"757":0,"758":0,"759":0,"760":0,"761":0,"762":0,"763":0,"764":0,"765":0,"766":0,"767":0,"768":0,"769":0,"770":0,"771":0,"772":0,"773":0,"774":0,"775":0,"776":0,"777":0,"778":0,"779":0,"780":0,"781":0,"782":0,"783":0,"784":0,"785":0,"786":1,"787":0,"788":0,"789":0,"790":0,"791":1,"792":0,"793":1,"794":0,"795":1,"796":0,"797":0,"798":0,"799":0,"800":0,"801":0,"802":0,"803":0,"804":0,"805":0,"806":0,"807":0,"808":0,"809":0,"810":0,"811":0,"812":1,"813":0,"814":0,"815":0,"816":0,"817":0,"818":0,"819":0,"820":0,"821":0,"822":0,"823":0,"824":0,"825":0,"826":0,"827":0,"828":0,"829":0,"830":0,"831":0,"832":0,"833":0,"834":0,"835":0,"836":0,"837":0,"838":0,"839":0,"840":0,"841":0,"842":0,"843":0,"844":0,"845":0,"846":0,"847":0,"848":0,"849":0,"850":0,"851":1,"852":0,"853":1,"854":0,"855":0,"856":0,"857":0,"858":0,"859":0,"860":0,"861":0,"862":0,"863":0,"864":0,"865":0,"866":0,"867":0,"868":0,"869":0,"870":0,"871":0,"872":0,"873":0,"874":0,"875":0,"876":0,"877":0,"878":0,"879":0,"880":0,"881":0,"882":0,"883":0,"884":0,"885":0,"886":0,"887":0,"888":0,"889":0,"890":0,"891":0,"892":0,"893":1,"894":0,"895":1,"896":0,"897":0,"898":0,"899":0,"900":0,"901":0,"902":0,"903":0,"904":0,"905":0,"906":0,"907":0,"908":0,"909":0,"910":1,"911":0,"912":1,"913":0,"914":0,"915":0,"916":0,"917":0,"918":0,"919":1,"920":1,"921":0,"922":1,"923":1,"924":0,"925":0,"926":1,"927":0,"928":0,"929":0,"930":0,"931":0,"932":0,"933":0,"934":0,"935":1,"936":0,"937":0,"938":0,"939":0,"940":0,"941":0,"942":0,"943":0,"944":0,"945":0,"946":0,"947":0,"948":0,"949":0,"950":0,"951":0,"952":0,"953":0,"954":0,"955":0,"956":1,"957":0,"958":1,"959":0,"960":1,"961":0,"962":0,"963":0,"964":0,"965":0,"966":0,"967":0,"968":0,"969":0,"970":0,"971":0,"972":1,"973":0,"974":1,"975":0,"976":0,"977":0,"978":0,"979":0,"980":0,"981":0,"982":0,"983":0,"984":0,"985":0,"986":1,"987":0,"988":0,"989":1,"990":1,"991":1,"992":0,"993":0,"994":1,"995":1,"996":0,"997":0,"998":0},"b":{"1":[0,1],"2":[0,0],"3":[1,0],"4":[1,0],"5":[0,1],"6":[0,0],"7":[1,0],"8":[1,1],"9":[0,1],"10":[1,0],"11":[0,0],"12":[0,0],"13":[0,0],"14":[0,0],"15":[0,0],"16":[0,0,0],"17":[0,0],"18":[0,0],"19":[0,0],"20":[0,0],"21":[0,0],"22":[0,0],"23":[0,0],"24":[0,0],"25":[0,0],"26":[0,0],"27":[0,0],"28":[0,0],"29":[0,0,0,0,0],"30":[0,0],"31":[0,0],"32":[0,0],"33":[0,0],"34":[0,0],"35":[0,0],"36":[0,0],"37":[0,0],"38":[0,0],"39":[0,0],"40":[0,0],"41":[0,0],"42":[0,0],"43":[0,0],"44":[0,0],"45":[0,0],"46":[0,0],"47":[0,0],"48":[0,0],"49":[0,0],"50":[0,0],"51":[0,0],"52":[0,0],"53":[0,0],"54":[0,0],"55":[0,0],"56":[0,0],"57":[0,0],"58":[0,0],"59":[0,0,0],"60":[0,0],"61":[0,0],"62":[0,0],"63":[0,0],"64":[0,0,0,0],"65":[0,0],"66":[0,0],"67":[0,0,0,0],"68":[0,0],"69":[0,0],"70":[0,0],"71":[0,0],"72":[0,0],"73":[0,0],"74":[0,0],"75":[0,0],"76":[0,0],"77":[0,0],"78":[1,0],"79":[0,0],"80":[0,0],"81":[0,0],"82":[0,0],"83":[0,0],"84":[0,0],"85":[0,0],"86":[0,0],"87":[0,0],"88":[0,0],"89":[0,0],"90":[0,0],"91":[0,0],"92":[0,0],"93":[0,0],"94":[0,0],"95":[0,0],"96":[0,0],"97":[0,0,0],"98":[0,0],"99":[0,0,0,0],"100":[0,0],"101":[0,0,0,0,0,0,0],"102":[0,0],"103":[0,0],"104":[0,0],"105":[0,0],"106":[0,0],"107":[0,0],"108":[0,0],"109":[0,0],"110":[0,0],"111":[0,0],"112":[0,0],"113":[0,0],"114":[0,0],"115":[0,0],"116":[0,0],"117":[0,0,0,0],"118":[0,0],"119":[0,0,0],"120":[0,0],"121":[0,0],"122":[0,0],"123":[0,0,0],"124":[0,0],"125":[0,0],"126":[0,0],"127":[0,0],"128":[0,0],"129":[0,0],"130":[0,0],"131":[0,0],"132":[0,0],"133":[0,0],"134":[0,0],"135":[0,0],"136":[0,0],"137":[0,0],"138":[0,0],"139":[0,0],"140":[0,0],"141":[0,0],"142":[0,0],"143":[0,0],"144":[0,0,0],"145":[0,0],"146":[0,0],"147":[0,0],"148":[0,0],"149":[0,0],"150":[0,0],"151":[0,0],"152":[0,0,0],"153":[0,0],"154":[0,0,0,0],"155":[0,0],"156":[0,0],"157":[0,0],"158":[0,0],"159":[0,0],"160":[0,0],"161":[0,0],"162":[0,0],"163":[0,0],"164":[0,0],"165":[0,0,0],"166":[0,0],"167":[0,0],"168":[0,0],"169":[0,0],"170":[0,0],"171":[0,0],"172":[0,0],"173":[0,0],"174":[0,0],"175":[0,0],"176":[0,0],"177":[0,0],"178":[0,0],"179":[0,0],"180":[0,0],"181":[0,0],"182":[0,0],"183":[0,0],"184":[0,0],"185":[0,0],"186":[0,0],"187":[0,0],"188":[0,0],"189":[0,0,0,0],"190":[0,0],"191":[0,0],"192":[0,0,0,0],"193":[0,0],"194":[0,0,0,0,0,0,0],"195":[0,0],"196":[0,0],"197":[0,0],"198":[0,0],"199":[0,0],"200":[0,0],"201":[0,0],"202":[0,0],"203":[0,0],"204":[0,0],"205":[0,0],"206":[0,0],"207":[0,0],"208":[0,0],"209":[0,0],"210":[0,0],"211":[0,0],"212":[0,0],"213":[0,0],"214":[0,0],"215":[0,0],"216":[0,0],"217":[0,0],"218":[0,0],"219":[0,0],"220":[0,0],"221":[0,0],"222":[0,0],"223":[0,0],"224":[0,0],"225":[0,0],"226":[0,0],"227":[0,0],"228":[0,0],"229":[0,0],"230":[0,0],"231":[0,0],"232":[0,0],"233":[0,0],"234":[0,0],"235":[0,0],"236":[0,0],"237":[0,0],"238":[0,0],"239":[0,0],"240":[0,0],"241":[0,0],"242":[0,0],"243":[0,0],"244":[0,0,0,0],"245":[0,0],"246":[0,0,0],"247":[0,0],"248":[0,0],"249":[0,0],"250":[0,0],"251":[0,0],"252":[0,0],"253":[0,0],"254":[0,0],"255":[0,0],"256":[0,0],"257":[0,0],"258":[0,0],"259":[0,0],"260":[0,0],"261":[0,0],"262":[0,0],"263":[0,0],"264":[0,0],"265":[0,0],"266":[0,0,0,0],"267":[0,0],"268":[0,0],"269":[0,0],"270":[0,0],"271":[0,0],"272":[0,0],"273":[0,0],"274":[0,0],"275":[0,0],"276":[0,0],"277":[0,0],"278":[0,0],"279":[0,0,0,0],"280":[0,0],"281":[0,0],"282":[0,0,0],"283":[0,0],"284":[0,0,0,0],"285":[0,0],"286":[0,0],"287":[0,0],"288":[0,0],"289":[0,0],"290":[0,0],"291":[0,0],"292":[0,0],"293":[0,0],"294":[0,0],"295":[0,0],"296":[0,0,0],"297":[0,0],"298":[0,0],"299":[0,0],"300":[0,0,0],"301":[0,0],"302":[0,0,0,0],"303":[0,0],"304":[0,0,0,0,0,0,0,0],"305":[0,0],"306":[0,0],"307":[0,0],"308":[0,0],"309":[0,0],"310":[0,0],"311":[0,0],"312":[0,0],"313":[0,0],"314":[0,0],"315":[0,0],"316":[0,0],"317":[0,0],"318":[0,0],"319":[0,0],"320":[0,0],"321":[0,0],"322":[0,0],"323":[0,0],"324":[0,0],"325":[0,0],"326":[0,0],"327":[0,0],"328":[0,0],"329":[0,0],"330":[0,0],"331":[0,0],"332":[0,0],"333":[0,0],"334":[0,0],"335":[0,0],"336":[0,0,0],"337":[0,0],"338":[0,0],"339":[0,0],"340":[0,0],"341":[0,0],"342":[0,0],"343":[0,0],"344":[0,0],"345":[0,0],"346":[0,0],"347":[0,0,0,0,0,0,0],"348":[0,0],"349":[0,0],"350":[0,0],"351":[0,0,0,0,0],"352":[0,0],"353":[0,0],"354":[0,0],"355":[0,0],"356":[0,0],"357":[0,0],"358":[0,0],"359":[0,0],"360":[0,0],"361":[0,0],"362":[0,0],"363":[0,0],"364":[0,0],"365":[0,0],"366":[0,0],"367":[0,0],"368":[0,0],"369":[0,0],"370":[0,0],"371":[0,0],"372":[0,0],"373":[0,0],"374":[0,0],"375":[0,0],"376":[0,0],"377":[0,0],"378":[0,0],"379":[0,0],"380":[0,0],"381":[0,0],"382":[0,1],"383":[0,0],"384":[0,0],"385":[0,0],"386":[0,0],"387":[0,0],"388":[0,0],"389":[0,0],"390":[0,0],"391":[0,0],"392":[0,0],"393":[0,0],"394":[0,0],"395":[0,0],"396":[0,0],"397":[0,0],"398":[0,0],"399":[0,0],"400":[0,0],"401":[0,0],"402":[0,0],"403":[0,0],"404":[0,0],"405":[0,0],"406":[0,0],"407":[0,0],"408":[0,0],"409":[0,0],"410":[0,0],"411":[0,0],"412":[0,0],"413":[0,0],"414":[0,0],"415":[0,1],"416":[1,0],"417":[1,0],"418":[1,1],"419":[0,0],"420":[0,0]},"f":{"1":1,"2":1,"3":1,"4":0,"5":0,"6":0,"7":0,"8":0,"9":1,"10":0,"11":0,"12":0,"13":0,"14":1,"15":0,"16":0,"17":0,"18":0,"19":0,"20":0,"21":0,"22":0,"23":1,"24":0,"25":0,"26":0,"27":0,"28":0,"29":0,"30":0,"31":0,"32":0,"33":0,"34":0,"35":0,"36":0,"37":0,"38":0,"39":0,"40":0,"41":0,"42":0,"43":0,"44":0,"45":0,"46":0,"47":0,"48":0,"49":0,"50":0,"51":0,"52":0,"53":0,"54":0,"55":0,"56":0,"57":0,"58":0,"59":0,"60":0,"61":0,"62":0,"63":0,"64":0,"65":0,"66":0,"67":0,"68":0,"69":0,"70":0,"71":0,"72":0,"73":0,"74":0},"fnMap":{"1":{"name":"(anonymous_1)","line":3,"loc":{"start":{"line":3,"column":2},"end":{"line":3,"column":23}}},"2":{"name":"constructorFactory","line":41,"loc":{"start":{"line":41,"column":4},"end":{"line":41,"column":40}}},"3":{"name":"BigNumber","line":154,"loc":{"start":{"line":154,"column":8},"end":{"line":154,"column":35}}},"4":{"name":"(anonymous_4)","line":365,"loc":{"start":{"line":365,"column":43},"end":{"line":365,"column":55}}},"5":{"name":"(anonymous_5)","line":372,"loc":{"start":{"line":372,"column":20},"end":{"line":372,"column":32}}},"6":{"name":"(anonymous_6)","line":373,"loc":{"start":{"line":373,"column":20},"end":{"line":373,"column":32}}},"7":{"name":"(anonymous_7)","line":501,"loc":{"start":{"line":501,"column":24},"end":{"line":501,"column":36}}},"8":{"name":"(anonymous_8)","line":509,"loc":{"start":{"line":509,"column":24},"end":{"line":509,"column":36}}},"9":{"name":"(anonymous_9)","line":523,"loc":{"start":{"line":523,"column":28},"end":{"line":523,"column":40}}},"10":{"name":"(anonymous_10)","line":531,"loc":{"start":{"line":531,"column":16},"end":{"line":531,"column":28}}},"11":{"name":"(anonymous_11)","line":532,"loc":{"start":{"line":532,"column":16},"end":{"line":532,"column":28}}},"12":{"name":"(anonymous_12)","line":535,"loc":{"start":{"line":535,"column":19},"end":{"line":535,"column":33}}},"13":{"name":"convertBase","line":658,"loc":{"start":{"line":658,"column":8},"end":{"line":658,"column":59}}},"14":{"name":"(anonymous_14)","line":750,"loc":{"start":{"line":750,"column":15},"end":{"line":750,"column":27}}},"15":{"name":"multiply","line":753,"loc":{"start":{"line":753,"column":12},"end":{"line":753,"column":44}}},"16":{"name":"compare","line":774,"loc":{"start":{"line":774,"column":12},"end":{"line":774,"column":45}}},"17":{"name":"subtract","line":792,"loc":{"start":{"line":792,"column":12},"end":{"line":792,"column":48}}},"18":{"name":"(anonymous_18)","line":807,"loc":{"start":{"line":807,"column":19},"end":{"line":807,"column":51}}},"19":{"name":"format","line":1013,"loc":{"start":{"line":1013,"column":8},"end":{"line":1013,"column":44}}},"20":{"name":"maxOrMin","line":1071,"loc":{"start":{"line":1071,"column":8},"end":{"line":1071,"column":42}}},"21":{"name":"intValidatorWithErrors","line":1098,"loc":{"start":{"line":1098,"column":8},"end":{"line":1098,"column":69}}},"22":{"name":"normalise","line":1112,"loc":{"start":{"line":1112,"column":8},"end":{"line":1112,"column":38}}},"23":{"name":"(anonymous_23)","line":1143,"loc":{"start":{"line":1143,"column":24},"end":{"line":1143,"column":36}}},"24":{"name":"(anonymous_24)","line":1150,"loc":{"start":{"line":1150,"column":19},"end":{"line":1150,"column":47}}},"25":{"name":"(anonymous_25)","line":1161,"loc":{"start":{"line":1161,"column":51},"end":{"line":1161,"column":74}}},"26":{"name":"raise","line":1189,"loc":{"start":{"line":1189,"column":8},"end":{"line":1189,"column":43}}},"27":{"name":"round","line":1230,"loc":{"start":{"line":1230,"column":8},"end":{"line":1230,"column":39}}},"28":{"name":"(anonymous_28)","line":1394,"loc":{"start":{"line":1394,"column":34},"end":{"line":1394,"column":46}}},"29":{"name":"(anonymous_29)","line":1405,"loc":{"start":{"line":1405,"column":17},"end":{"line":1405,"column":29}}},"30":{"name":"(anonymous_30)","line":1417,"loc":{"start":{"line":1417,"column":31},"end":{"line":1417,"column":49}}},"31":{"name":"(anonymous_31)","line":1427,"loc":{"start":{"line":1427,"column":33},"end":{"line":1427,"column":45}}},"32":{"name":"(anonymous_32)","line":1462,"loc":{"start":{"line":1462,"column":30},"end":{"line":1462,"column":48}}},"33":{"name":"(anonymous_33)","line":1472,"loc":{"start":{"line":1472,"column":44},"end":{"line":1472,"column":62}}},"34":{"name":"(anonymous_34)","line":1482,"loc":{"start":{"line":1482,"column":26},"end":{"line":1482,"column":44}}},"35":{"name":"(anonymous_35)","line":1492,"loc":{"start":{"line":1492,"column":18},"end":{"line":1492,"column":30}}},"36":{"name":"(anonymous_36)","line":1501,"loc":{"start":{"line":1501,"column":31},"end":{"line":1501,"column":49}}},"37":{"name":"(anonymous_37)","line":1511,"loc":{"start":{"line":1511,"column":41},"end":{"line":1511,"column":59}}},"38":{"name":"(anonymous_38)","line":1521,"loc":{"start":{"line":1521,"column":21},"end":{"line":1521,"column":33}}},"39":{"name":"(anonymous_39)","line":1529,"loc":{"start":{"line":1529,"column":32},"end":{"line":1529,"column":44}}},"40":{"name":"(anonymous_40)","line":1537,"loc":{"start":{"line":1537,"column":18},"end":{"line":1537,"column":30}}},"41":{"name":"(anonymous_41)","line":1545,"loc":{"start":{"line":1545,"column":33},"end":{"line":1545,"column":45}}},"42":{"name":"(anonymous_42)","line":1553,"loc":{"start":{"line":1553,"column":19},"end":{"line":1553,"column":31}}},"43":{"name":"(anonymous_43)","line":1562,"loc":{"start":{"line":1562,"column":28},"end":{"line":1562,"column":46}}},"44":{"name":"(anonymous_44)","line":1572,"loc":{"start":{"line":1572,"column":38},"end":{"line":1572,"column":56}}},"45":{"name":"(anonymous_45)","line":1598,"loc":{"start":{"line":1598,"column":26},"end":{"line":1598,"column":44}}},"46":{"name":"(anonymous_46)","line":1733,"loc":{"start":{"line":1733,"column":27},"end":{"line":1733,"column":45}}},"47":{"name":"(anonymous_47)","line":1770,"loc":{"start":{"line":1770,"column":28},"end":{"line":1770,"column":40}}},"48":{"name":"(anonymous_48)","line":1797,"loc":{"start":{"line":1797,"column":25},"end":{"line":1797,"column":43}}},"49":{"name":"(anonymous_49)","line":1877,"loc":{"start":{"line":1877,"column":29},"end":{"line":1877,"column":42}}},"50":{"name":"(anonymous_50)","line":1920,"loc":{"start":{"line":1920,"column":18},"end":{"line":1920,"column":38}}},"51":{"name":"(anonymous_51)","line":1944,"loc":{"start":{"line":1944,"column":18},"end":{"line":1944,"column":31}}},"52":{"name":"(anonymous_52)","line":1967,"loc":{"start":{"line":1967,"column":32},"end":{"line":1967,"column":44}}},"53":{"name":"(anonymous_53)","line":2087,"loc":{"start":{"line":2087,"column":26},"end":{"line":2087,"column":44}}},"54":{"name":"(anonymous_54)","line":2170,"loc":{"start":{"line":2170,"column":21},"end":{"line":2170,"column":41}}},"55":{"name":"(anonymous_55)","line":2190,"loc":{"start":{"line":2190,"column":26},"end":{"line":2190,"column":46}}},"56":{"name":"(anonymous_56)","line":2211,"loc":{"start":{"line":2211,"column":20},"end":{"line":2211,"column":40}}},"57":{"name":"(anonymous_57)","line":2239,"loc":{"start":{"line":2239,"column":21},"end":{"line":2239,"column":41}}},"58":{"name":"(anonymous_58)","line":2293,"loc":{"start":{"line":2293,"column":23},"end":{"line":2293,"column":37}}},"59":{"name":"(anonymous_59)","line":2368,"loc":{"start":{"line":2368,"column":21},"end":{"line":2368,"column":33}}},"60":{"name":"(anonymous_60)","line":2391,"loc":{"start":{"line":2391,"column":28},"end":{"line":2391,"column":46}}},"61":{"name":"(anonymous_61)","line":2471,"loc":{"start":{"line":2471,"column":24},"end":{"line":2471,"column":44}}},"62":{"name":"(anonymous_62)","line":2489,"loc":{"start":{"line":2489,"column":21},"end":{"line":2489,"column":34}}},"63":{"name":"(anonymous_63)","line":2526,"loc":{"start":{"line":2526,"column":32},"end":{"line":2526,"column":44}}},"64":{"name":"(anonymous_64)","line":2535,"loc":{"start":{"line":2535,"column":31},"end":{"line":2535,"column":43}}},"65":{"name":"bitFloor","line":2563,"loc":{"start":{"line":2563,"column":4},"end":{"line":2563,"column":25}}},"66":{"name":"coeffToString","line":2570,"loc":{"start":{"line":2570,"column":4},"end":{"line":2570,"column":30}}},"67":{"name":"compare","line":2590,"loc":{"start":{"line":2590,"column":4},"end":{"line":2590,"column":29}}},"68":{"name":"intValidatorNoErrors","line":2635,"loc":{"start":{"line":2635,"column":4},"end":{"line":2635,"column":49}}},"69":{"name":"isArray","line":2640,"loc":{"start":{"line":2640,"column":4},"end":{"line":2640,"column":26}}},"70":{"name":"toBaseOut","line":2650,"loc":{"start":{"line":2650,"column":4},"end":{"line":2650,"column":47}}},"71":{"name":"toExponential","line":2675,"loc":{"start":{"line":2675,"column":4},"end":{"line":2675,"column":37}}},"72":{"name":"toFixedPoint","line":2681,"loc":{"start":{"line":2681,"column":4},"end":{"line":2681,"column":36}}},"73":{"name":"truncate","line":2708,"loc":{"start":{"line":2708,"column":4},"end":{"line":2708,"column":25}}},"74":{"name":"(anonymous_74)","line":2723,"loc":{"start":{"line":2723,"column":16},"end":{"line":2723,"column":28}}}},"statementMap":{"1":{"start":{"line":3,"column":1},"end":{"line":2734,"column":9}},"2":{"start":{"line":15,"column":4},"end":{"line":35,"column":18}},"3":{"start":{"line":41,"column":4},"end":{"line":2557,"column":5}},"4":{"start":{"line":42,"column":8},"end":{"line":138,"column":14}},"5":{"start":{"line":154,"column":8},"end":{"line":312,"column":9}},"6":{"start":{"line":155,"column":12},"end":{"line":156,"column":25}},"7":{"start":{"line":159,"column":12},"end":{"line":164,"column":13}},"8":{"start":{"line":162,"column":16},"end":{"line":162,"column":75}},"9":{"start":{"line":162,"column":28},"end":{"line":162,"column":75}},"10":{"start":{"line":163,"column":16},"end":{"line":163,"column":45}},"11":{"start":{"line":168,"column":12},"end":{"line":231,"column":13}},"12":{"start":{"line":171,"column":16},"end":{"line":177,"column":17}},"13":{"start":{"line":172,"column":20},"end":{"line":172,"column":30}},"14":{"start":{"line":173,"column":20},"end":{"line":173,"column":30}},"15":{"start":{"line":174,"column":20},"end":{"line":174,"column":54}},"16":{"start":{"line":175,"column":20},"end":{"line":175,"column":27}},"17":{"start":{"line":176,"column":20},"end":{"line":176,"column":27}},"18":{"start":{"line":179,"column":16},"end":{"line":195,"column":17}},"19":{"start":{"line":180,"column":20},"end":{"line":180,"column":57}},"20":{"start":{"line":183,"column":20},"end":{"line":189,"column":21}},"21":{"start":{"line":184,"column":24},"end":{"line":184,"column":68}},"22":{"start":{"line":185,"column":24},"end":{"line":185,"column":32}},"23":{"start":{"line":186,"column":24},"end":{"line":186,"column":34}},"24":{"start":{"line":187,"column":24},"end":{"line":187,"column":31}},"25":{"start":{"line":188,"column":24},"end":{"line":188,"column":31}},"26":{"start":{"line":191,"column":20},"end":{"line":191,"column":33}},"27":{"start":{"line":193,"column":20},"end":{"line":193,"column":94}},"28":{"start":{"line":193,"column":59},"end":{"line":193,"column":94}},"29":{"start":{"line":194,"column":20},"end":{"line":194,"column":84}},"30":{"start":{"line":197,"column":16},"end":{"line":197,"column":26}},"31":{"start":{"line":198,"column":16},"end":{"line":198,"column":29}},"32":{"start":{"line":202,"column":16},"end":{"line":205,"column":17}},"33":{"start":{"line":203,"column":20},"end":{"line":203,"column":74}},"34":{"start":{"line":204,"column":20},"end":{"line":204,"column":79}},"35":{"start":{"line":209,"column":16},"end":{"line":213,"column":17}},"36":{"start":{"line":212,"column":20},"end":{"line":212,"column":58}},"37":{"start":{"line":215,"column":16},"end":{"line":228,"column":17}},"38":{"start":{"line":216,"column":20},"end":{"line":216,"column":69}},"39":{"start":{"line":218,"column":20},"end":{"line":222,"column":21}},"40":{"start":{"line":221,"column":24},"end":{"line":221,"column":54}},"41":{"start":{"line":225,"column":20},"end":{"line":225,"column":32}},"42":{"start":{"line":227,"column":20},"end":{"line":227,"column":84}},"43":{"start":{"line":230,"column":16},"end":{"line":230,"column":53}},"44":{"start":{"line":234,"column":12},"end":{"line":234,"column":78}},"45":{"start":{"line":234,"column":49},"end":{"line":234,"column":78}},"46":{"start":{"line":237,"column":12},"end":{"line":247,"column":13}},"47":{"start":{"line":240,"column":16},"end":{"line":240,"column":35}},"48":{"start":{"line":240,"column":29},"end":{"line":240,"column":35}},"49":{"start":{"line":241,"column":16},"end":{"line":241,"column":41}},"50":{"start":{"line":242,"column":16},"end":{"line":242,"column":44}},"51":{"start":{"line":243,"column":19},"end":{"line":247,"column":13}},"52":{"start":{"line":246,"column":16},"end":{"line":246,"column":31}},"53":{"start":{"line":250,"column":12},"end":{"line":250,"column":57}},"54":{"start":{"line":253,"column":12},"end":{"line":253,"column":68}},"55":{"start":{"line":254,"column":12},"end":{"line":254,"column":42}},"56":{"start":{"line":256,"column":12},"end":{"line":309,"column":13}},"57":{"start":{"line":257,"column":16},"end":{"line":257,"column":33}},"58":{"start":{"line":261,"column":16},"end":{"line":263,"column":17}},"59":{"start":{"line":262,"column":20},"end":{"line":262,"column":56}},"60":{"start":{"line":265,"column":16},"end":{"line":265,"column":30}},"61":{"start":{"line":268,"column":16},"end":{"line":304,"column":17}},"62":{"start":{"line":271,"column":20},"end":{"line":271,"column":37}},"63":{"start":{"line":274,"column":23},"end":{"line":304,"column":17}},"64":{"start":{"line":277,"column":20},"end":{"line":277,"column":38}},"65":{"start":{"line":279,"column":20},"end":{"line":279,"column":28}},"66":{"start":{"line":280,"column":20},"end":{"line":280,"column":29}},"67":{"start":{"line":286,"column":20},"end":{"line":286,"column":45}},"68":{"start":{"line":287,"column":20},"end":{"line":287,"column":47}},"69":{"start":{"line":287,"column":33},"end":{"line":287,"column":47}},"70":{"start":{"line":289,"column":20},"end":{"line":300,"column":21}},"71":{"start":{"line":290,"column":24},"end":{"line":290,"column":62}},"72":{"start":{"line":290,"column":31},"end":{"line":290,"column":62}},"73":{"start":{"line":292,"column":24},"end":{"line":294,"column":25}},"74":{"start":{"line":293,"column":28},"end":{"line":293,"column":71}},"75":{"start":{"line":296,"column":24},"end":{"line":296,"column":43}},"76":{"start":{"line":297,"column":24},"end":{"line":297,"column":50}},"77":{"start":{"line":299,"column":24},"end":{"line":299,"column":33}},"78":{"start":{"line":302,"column":20},"end":{"line":302,"column":46}},"79":{"start":{"line":303,"column":20},"end":{"line":303,"column":37}},"80":{"start":{"line":308,"column":16},"end":{"line":308,"column":34}},"81":{"start":{"line":311,"column":12},"end":{"line":311,"column":19}},"82":{"start":{"line":318,"column":8},"end":{"line":318,"column":47}},"83":{"start":{"line":320,"column":8},"end":{"line":320,"column":31}},"84":{"start":{"line":321,"column":8},"end":{"line":321,"column":33}},"85":{"start":{"line":322,"column":8},"end":{"line":322,"column":33}},"86":{"start":{"line":323,"column":8},"end":{"line":323,"column":34}},"87":{"start":{"line":324,"column":8},"end":{"line":324,"column":36}},"88":{"start":{"line":325,"column":8},"end":{"line":325,"column":38}},"89":{"start":{"line":326,"column":8},"end":{"line":326,"column":38}},"90":{"start":{"line":327,"column":8},"end":{"line":327,"column":38}},"91":{"start":{"line":328,"column":8},"end":{"line":328,"column":39}},"92":{"start":{"line":329,"column":8},"end":{"line":329,"column":29}},"93":{"start":{"line":365,"column":8},"end":{"line":493,"column":10}},"94":{"start":{"line":366,"column":12},"end":{"line":373,"column":87}},"95":{"start":{"line":372,"column":34},"end":{"line":372,"column":89}},"96":{"start":{"line":372,"column":61},"end":{"line":372,"column":89}},"97":{"start":{"line":373,"column":34},"end":{"line":373,"column":84}},"98":{"start":{"line":373,"column":54},"end":{"line":373,"column":84}},"99":{"start":{"line":378,"column":12},"end":{"line":380,"column":13}},"100":{"start":{"line":379,"column":16},"end":{"line":379,"column":39}},"101":{"start":{"line":381,"column":12},"end":{"line":381,"column":34}},"102":{"start":{"line":386,"column":12},"end":{"line":388,"column":13}},"103":{"start":{"line":387,"column":16},"end":{"line":387,"column":38}},"104":{"start":{"line":389,"column":12},"end":{"line":389,"column":33}},"105":{"start":{"line":395,"column":12},"end":{"line":405,"column":13}},"106":{"start":{"line":397,"column":16},"end":{"line":404,"column":17}},"107":{"start":{"line":398,"column":20},"end":{"line":401,"column":21}},"108":{"start":{"line":399,"column":24},"end":{"line":399,"column":46}},"109":{"start":{"line":400,"column":24},"end":{"line":400,"column":46}},"110":{"start"
[...]
us(x).abs() ) < 1","                    ? [ n1.toString(), d1.toString() ]","                    : [ n0.toString(), d0.toString() ];","","            MAX_EXP = exp;","            return arr;","        };","","","        /*","         * Return the value of this BigNumber converted to a number primitive.","         */","        P.toNumber = function () {","            return +this;","        };","","","        /*","         * Return a BigNumber whose value is the value of this BigNumber raised to the power n.","         * If m is present, return the result modulo m.","         * If n is negative round according to DECIMAL_PLACES and ROUNDING_MODE.","         * If POW_PRECISION is non-zero and m is not present, round to POW_PRECISION using","         * ROUNDING_MODE.","         *","         * The modular power operation works efficiently when x, n, and m are positive integers,","         * otherwise it is equivalent to calculating x.toPower(n).modulo(m) (with POW_PRECISION 0).","         *","         * n {number} Integer, -MAX_SAFE_INTEGER to MAX_SAFE_INTEGER inclusive.","         * [m] {number|string|BigNumber} The modulus.","         *","         * 'pow() exponent not an integer: {n}'","         * 'pow() exponent out of range: {n}'","         *","         * Performs 54 loop iterations for n of 9007199254740991.","         */","        P.toPower = P.pow = function ( n, m ) {","            var k, y, z,","                i = mathfloor( n < 0 ? -n : +n ),","                x = this;","","            if ( m != null ) {","                id = 23;","                m = new BigNumber(m);","            }","","            // Pass ±Infinity to Math.pow if exponent is out of range.","            if ( !isValidInt( n, -MAX_SAFE_INTEGER, MAX_SAFE_INTEGER, 23, 'exponent' ) &&","              ( !isFinite(n) || i > MAX_SAFE_INTEGER && ( n /= 0 ) ||","                parseFloat(n) != n && !( n = NaN ) ) || n == 0 ) {","                k = Math.pow( +x, n );","                return new BigNumber( m ? k % m : k );","            }","","            if (m) {","                if ( n > 1 && x.gt(ONE) && x.isInt() && m.gt(ONE) && m.isInt() ) {","                    x = x.mod(m);","                } else {","                    z = m;","","                    // Nullify m so only a single mod operation is performed at the end.","                    m = null;","                }","            } else if (POW_PRECISION) {","","                // Truncating each coefficient array to a length of k after each multiplication","                // equates to truncating significant digits to POW_PRECISION + [28, 41],","                // i.e. there will be a minimum of 28 guard digits retained.","                // (Using + 1.5 would give [9, 21] guard digits.)","                k = mathceil( POW_PRECISION / LOG_BASE + 2 );","            }","","            y = new BigNumber(ONE);","","            for ( ; ; ) {","                if ( i % 2 ) {","                    y = y.times(x);","                    if ( !y.c ) break;","                    if (k) {","                        if ( y.c.length > k ) y.c.length = k;","                    } else if (m) {","                        y = y.mod(m);","                    }","                }","","                i = mathfloor( i / 2 );","                if ( !i ) break;","                x = x.times(x);","                if (k) {","                    if ( x.c && x.c.length > k ) x.c.length = k;","                } else if (m) {","                    x = x.mod(m);","                }","            }","","            if (m) return y;","            if ( n < 0 ) y = ONE.div(y);","","            return z ? y.mod(z) : k ? round( y, POW_PRECISION, ROUNDING_MODE ) : y;","        };","","","        /*","         * Return a string representing the value of this BigNumber rounded to sd significant digits","         * using rounding mode rm or ROUNDING_MODE. If sd is less than the number of digits","         * necessary to represent the integer part of the value in fixed-point notation, then use","         * exponential notation.","         *","         * [sd] {number} Significant digits. Integer, 1 to MAX inclusive.","         * [rm] {number} Rounding mode. Integer, 0 to 8 inclusive.","         *","         * 'toPrecision() precision not an integer: {sd}'","         * 'toPrecision() precision out of range: {sd}'","         * 'toPrecision() rounding mode not an integer: {rm}'","         * 'toPrecision() rounding mode out of range: {rm}'","         */","        P.toPrecision = function ( sd, rm ) {","            return format( this, sd != null && isValidInt( sd, 1, MAX, 24, 'precision' )","              ? sd | 0 : null, rm, 24 );","        };","","","        /*","         * Return a string representing the value of this BigNumber in base b, or base 10 if b is","         * omitted. If a base is specified, including base 10, round according to DECIMAL_PLACES and","         * ROUNDING_MODE. If a base is not specified, and this BigNumber has a positive exponent","         * that is equal to or greater than TO_EXP_POS, or a negative exponent equal to or less than","         * TO_EXP_NEG, return exponential notation.","         *","         * [b] {number} Integer, 2 to 64 inclusive.","         *","         * 'toString() base not an integer: {b}'","         * 'toString() base out of range: {b}'","         */","        P.toString = function (b) {","            var str,","                n = this,","                s = n.s,","                e = n.e;","","            // Infinity or NaN?","            if ( e === null ) {","","                if (s) {","                    str = 'Infinity';","                    if ( s < 0 ) str = '-' + str;","                } else {","                    str = 'NaN';","                }","            } else {","                str = coeffToString( n.c );","","                if ( b == null || !isValidInt( b, 2, 64, 25, 'base' ) ) {","                    str = e <= TO_EXP_NEG || e >= TO_EXP_POS","                      ? toExponential( str, e )","                      : toFixedPoint( str, e );","                } else {","                    str = convertBase( toFixedPoint( str, e ), b | 0, 10, s );","                }","","                if ( s < 0 && n.c[0] ) str = '-' + str;","            }","","            return str;","        };","","","        /*","         * Return a new BigNumber whose value is the value of this BigNumber truncated to a whole","         * number.","         */","        P.truncated = P.trunc = function () {","            return round( new BigNumber(this), this.e + 1, 1 );","        };","","","        /*","         * Return as toString, but do not accept a base argument, and include the minus sign for","         * negative zero.","         */","        P.valueOf = P.toJSON = function () {","            var str,","                n = this,","                e = n.e;","","            if ( e === null ) return n.toString();","","            str = coeffToString( n.c );","","            str = e <= TO_EXP_NEG || e >= TO_EXP_POS","                ? toExponential( str, e )","                : toFixedPoint( str, e );","","            return n.s < 0 ? '-' + str : str;","        };","","","        P.isBigNumber = true;","","        if ( config != null ) BigNumber.config(config);","","        return BigNumber;","    }","","","    // PRIVATE HELPER FUNCTIONS","","","    function bitFloor(n) {","        var i = n | 0;","        return n > 0 || n === i ? i : i - 1;","    }","","","    // Return a coefficient array as a string of base 10 digits.","    function coeffToString(a) {","        var s, z,","            i = 1,","            j = a.length,","            r = a[0] + '';","","        for ( ; i < j; ) {","            s = a[i++] + '';","            z = LOG_BASE - s.length;","            for ( ; z--; s = '0' + s );","            r += s;","        }","","        // Determine trailing zeros.","        for ( j = r.length; r.charCodeAt(--j) === 48; );","        return r.slice( 0, j + 1 || 1 );","    }","","","    // Compare the value of BigNumbers x and y.","    function compare( x, y ) {","        var a, b,","            xc = x.c,","            yc = y.c,","            i = x.s,","            j = y.s,","            k = x.e,","            l = y.e;","","        // Either NaN?","        if ( !i || !j ) return null;","","        a = xc && !xc[0];","        b = yc && !yc[0];","","        // Either zero?","        if ( a || b ) return a ? b ? 0 : -j : i;","","        // Signs differ?","        if ( i != j ) return i;","","        a = i < 0;","        b = k == l;","","        // Either Infinity?","        if ( !xc || !yc ) return b ? 0 : !xc ^ a ? 1 : -1;","","        // Compare exponents.","        if ( !b ) return k > l ^ a ? 1 : -1;","","        j = ( k = xc.length ) < ( l = yc.length ) ? k : l;","","        // Compare digit by digit.","        for ( i = 0; i < j; i++ ) if ( xc[i] != yc[i] ) return xc[i] > yc[i] ^ a ? 1 : -1;","","        // Compare lengths.","        return k == l ? 0 : k > l ^ a ? 1 : -1;","    }","","","    /*","     * Return true if n is a valid number in range, otherwise false.","     * Use for argument validation when ERRORS is false.","     * Note: parseInt('1e+1') == 1 but parseFloat('1e+1') == 10.","     */","    function intValidatorNoErrors( n, min, max ) {","        return ( n = truncate(n) ) >= min && n <= max;","    }","","","    function isArray(obj) {","        return Object.prototype.toString.call(obj) == '[object Array]';","    }","","","    /*","     * Convert string of baseIn to an array of numbers of baseOut.","     * Eg. convertBase('255', 10, 16) returns [15, 15].","     * Eg. convertBase('ff', 16, 10) returns [2, 5, 5].","     */","    function toBaseOut( str, baseIn, baseOut ) {","        var j,","            arr = [0],","            arrL,","            i = 0,","            len = str.length;","","        for ( ; i < len; ) {","            for ( arrL = arr.length; arrL--; arr[arrL] *= baseIn );","            arr[ j = 0 ] += ALPHABET.indexOf( str.charAt( i++ ) );","","            for ( ; j < arr.length; j++ ) {","","                if ( arr[j] > baseOut - 1 ) {","                    if ( arr[j + 1] == null ) arr[j + 1] = 0;","                    arr[j + 1] += arr[j] / baseOut | 0;","                    arr[j] %= baseOut;","                }","            }","        }","","        return arr.reverse();","    }","","","    function toExponential( str, e ) {","        return ( str.length > 1 ? str.charAt(0) + '.' + str.slice(1) : str ) +","          ( e < 0 ? 'e' : 'e+' ) + e;","    }","","","    function toFixedPoint( str, e ) {","        var len, z;","","        // Negative exponent?","        if ( e < 0 ) {","","            // Prepend zeros.","            for ( z = '0.'; ++e; z += '0' );","            str = z + str;","","        // Positive exponent","        } else {","            len = str.length;","","            // Append zeros.","            if ( ++e > len ) {","                for ( z = '0', e -= len; --e; z += '0' );","                str += z;","            } else if ( e < len ) {","                str = str.slice( 0, e ) + '.' + str.slice(e);","            }","        }","","        return str;","    }","","","    function truncate(n) {","        n = parseFloat(n);","        return n < 0 ? mathceil(n) : mathfloor(n);","    }","","","    // EXPORT","","","    BigNumber = constructorFactory();","    BigNumber['default'] = BigNumber.BigNumber = BigNumber;","","","    // AMD.","    if ( typeof define == 'function' && define.amd ) {","        define( function () { return BigNumber; } );","","    // Node.js and other environments that support module.exports.","    } else if ( typeof module != 'undefined' && module.exports ) {","        module.exports = BigNumber;","","    // Browser.","    } else {","        if ( !globalObj ) globalObj = typeof self != 'undefined' ? self : Function('return this')();","        globalObj.BigNumber = BigNumber;","    }","})(this);",""],"l":{"3":1,"15":1,"41":1,"42":1,"154":1,"155":1,"159":1,"162":0,"163":0,"168":1,"171":1,"172":0,"173":0,"174":0,"175":0,"176":0,"179":1,"180":1,"183":1,"184":1,"185":1,"186":1,"187":1,"188":1,"191":0,"193":0,"194":0,"197":0,"198":0,"202":0,"203":0,"204":0,"209":0,"212":0,"215":0,"216":0,"218":0,"221":0,"225":0,"227":0,"230":0,"234":0,"237":0,"240":0,"241":0,"242":0,"243":0,"246":0,"250":0,"253":0,"254":0,"256":0,"257":0,"261":0,"262":0,"265":0,"268":0,"271":0,"274":0,"277":0,"279":0,"280":0,"286":0,"287":0,"289":0,"290":0,"292":0,"293":0,"296":0,"297":0,"299":0,"302":0,"303":0,"308":0,"311":0,"318":1,"320":1,"321":1,"322":1,"323":1,"324":1,"325":1,"326":1,"327":1,"328":1,"329":1,"365":1,"366":0,"372":0,"373":0,"378":0,"379":0,"381":0,"386":0,"387":0,"389":0,"395":0,"397":0,"398":0,"399":0,"400":0,"402":0,"403":0,"406":0,"413":0,"415":0,"416":0,"417":0,"418":0,"420":0,"421":0,"422":0,"425":0,"429":0,"431":0,"432":0,"433":0,"434":0,"435":0,"438":0,"443":0,"445":0,"446":0,"447":0,"448":0,"449":0,"450":0,"451":0,"453":0,"456":0,"458":0,"459":0,"462":0,"467":0,"468":0,"470":0,"475":0,"476":0,"478":0,"482":0,"484":0,"485":0,"486":0,"487":0,"490":0,"492":0,"501":1,"509":1,"523":1,"524":1,"530":1,"531":0,"532":0,"535":1,"536":0,"541":0,"542":0,"544":0,"547":0,"549":0,"551":0,"559":0,"565":0,"566":0,"567":0,"568":0,"573":0,"574":0,"577":0,"580":0,"583":0,"585":0,"591":0,"595":0,"596":0,"600":0,"601":0,"604":0,"606":0,"607":0,"612":0,"614":0,"615":0,"616":0,"620":0,"621":0,"624":0,"625":0,"626":0,"630":0,"633":0,"634":0,"638":0,"641":0,"644":0,"647":0,"648":0,"649":0,"658":1,"659":0,"664":0,"667":0,"668":0,"671":0,"672":0,"673":0,"674":0,"675":0,"679":0,"680":0,"684":0,"685":0,"688":0,"689":0,"691":0,"692":0,"694":0,"695":0,"698":0,"699":0,"700":0,"701":0,"702":0,"705":0,"708":0,"709":0,"710":0,"712":0,"716":0,"719":0,"721":0,"723":0,"726":0,"727":0,"729":0,"730":0,"731":0,"737":0,"740":0,"741":0,"745":0,"750":1,"753":1,"754":0,"760":0,"761":0,"762":0,"763":0,"764":0,"765":0,"766":0,"769":0,"771":0,"774":1,"775":0,"777":0,"778":0,"781":0,"783":0,"784":0,"785":0,"789":0,"792":1,"793":0,"796":0,"797":0,"798":0,"799":0,"803":0,"807":1,"808":0,"815":0,"817":0,"827":0,"828":0,"829":0,"830":0,"832":0,"833":0,"834":0,"835":0,"840":0,"841":0,"843":0,"844":0,"845":0,"847":0,"848":0,"849":0,"850":0,"854":0,"858":0,"859":0,"860":0,"861":0,"862":0,"865":0,"866":0,"867":0,"870":0,"871":0,"872":0,"873":0,"874":0,"878":0,"879":0,"882":0,"885":0,"889":0,"890":0,"893":0,"903":0,"906":0,"909":0,"910":0,"911":0,"918":0,"919":0,"922":0,"923":0,"924":0,"932":0,"935":0,"939":0,"940":0,"943":0,"946":0,"947":0,"950":0,"956":0,"957":0,"960":0,"961":0,"964":0,"965":0,"966":0,"970":0,"973":0,"974":0,"976":0,"977":0,"981":0,"984":0,"987":0,"990":0,"991":0,"995":0,"996":0,"999":0,"1013":1,"1014":0,"1016":0,"1019":0,"1020":0,"1021":0,"1023":0,"1024":0,"1025":0,"1029":0,"1032":0,"1034":0,"1035":0,"1042":0,"1045":0,"1046":0,"1050":0,"1051":0,"1054":0,"1055":0,"1057":0,"1058":0,"1059":0,"1060":0,"1066":0,"1071":1,"1072":0,"1075":0,"1076":0,"1078":0,"1079":0,"1082":0,"1083":0,"1084":0,"1085":0,"1086":0,"1090":0,"1098":1,"1099":0,"1100":0,"1104":0,"1112":1,"1113":0,"1117":0,"1120":0,"1123":0,"1126":0,"1129":0,"1132":0,"1134":0,"1135":0,"1138":0,"1143":1,"1144":1,"1150":1,"1151":0,"1155":0,"1156":0,"1158":0,"1161":0,"1162":0,"1163":0,"1166":0,"1167":0,"1170":0,"1173":0,"1178":0,"1179":0,"1182":0,"1183":0,"1189":1,"1190":0,"1220":0,"1221":0,"1222":0,"1230":1,"1231":0,"1236":0,"1244":0,"1247":0,"1248":0,"1251":0,"1252":0,"1253":0,"1254":0,"1257":0,"1259":0,"1261":0,"1263":0,"1266":0,"1267":0,"1268":0,"1269":0,"1270":0,"1272":0,"1275":0,"1278":0,"1281":0,"1285":0,"1288":0,"1292":0,"1299":0,"1307":0,"1308":0,"1310":0,"1313":0,"1316":0,"1317":0,"1321":0,"1324":0,"1328":0,"1329":0,"1330":0,"1331":0,"1333":0,"1334":0,"1338":0,"1342":0,"1344":0,"1347":0,"1350":0,"1351":0,"1352":0,"1355":0,"1356":0,"1357":0,"1360":0,"1362":0,"1363":0,"1364":0,"1365":0,"1371":0,"1375":0,"1376":0,"1379":0,"1380":0,"1384":0,"1394":1,"1395":0,"1396":0,"1397":0,"1405":1,"1406":0,"1417":1,"1418":0,"1419":0,"1427":1,"1428":0,"1431":0,"1432":0,"1435":0,"1436":0,"1438":0,"1462":1,"1463":0,"1464":0,"1472":1,"1473":0,"1474":0,"1482":1,"1483":0,"1484":0,"1492":1,"1493":0,"1501":1,"1502":0,"1503":0,"1511":1,"1512":0,"1513":0,"1521":1,"1522":0,"1529":1,"1530":0,"1537":1,"1538":0,"1545":1,"1546":0,"1553":1,"1554":0,"1562":1,"1563":0,"1564":0,"1572":1,"1573":0,"1574":0,"1598":1,"1599":0,"1603":0,"1604":0,"1605":0,"1608":0,"1611":0,"1612":0,"1613":0,"1616":0,"1621":0,"1624":0,"1627":0,"1630":0,"1637":0,"1638":0,"1639":0,"1642":0,"1644":0,"1645":0,"1646":0,"1648":0,"1649":0,"1652":0,"1655":0,"1656":0,"1660":0,"1662":0,"1664":0,"1665":0,"1666":0,"1672":0,"1674":0,"1678":0,"1679":0,"1682":0,"1684":0,"1685":0,"1686":0,"1687":0,"1690":0,"1694":0,"1697":0,"1701":0,"1702":0,"1703":0,"1708":0,"1733":1,"1734":0,"1737":0,"1738":0,"1741":0,"1742":0,"1745":0,"1746":0,"1749":0,"1753":0,"1754":0,"1755":0,"1756":0,"1757":0,"1759":0,"1762":0,"1770":1,"1771":0,"1772":0,"1773":0,"1797":1,"1798":0,"1802":0,"1803":0,"1804":0,"1807":0,"1810":0,"1811":0,"1812":0,"1815":0,"1820":0,"1823":0,"1827":0,"1830":0,"1831":0,"1832":0,"1835":0,"1836":0,"1837":0,"1838":0,"1840":0,"1841":0,"1844":0,"1845":0,"1846":0,"1849":0,"1850":0,"1853":0,"1856":0,"1857":0,"1858":0,"1861":0,"1862":0,"1863":0,"1868":0,"1877":1,"1878":0,"1883":0,"1884":0,"1885":0,"1888":0,"1889":0,"1890":0,"1892":0,"1895":0,"1898":0,"1901":0,"1903":0,"1920":1,"1921":0,"1923":0,"1924":0,"1928":0,"1944":1,"1945":0,"1946":0,"1967":1,"1968":0,"1977":0,"1978":0,"1982":0,"1986":0,"1987":0,"1988":0,"1989":0,"1990":0,"1992":0,"1993":0,"1995":0,"1996":0,"1999":0,"2001":0,"2008":0,"2009":0,"2010":0,"2011":0,"2014":0,"2015":0,"2016":0,"2018":0,"2024":0,"2025":0,"2030":0,"2034":0,"2035":0,"2037":0,"2038":0,"2039":0,"2043":0,"2044":0,"2045":0,"2050":0,"2053":0,"2054":0,"2057":0,"2063":0,"2087":1,"2088":0,"2095":0,"2098":0,"2099":0,"2101":0,"2104":0,"2105":0,"2109":0,"2110":0,"2114":0,"2117":0,"2118":0,"2119":0,"2120":0,"2123":0,"2126":0,"2128":0,"2129":0,"2131":0,"2132":0,"2133":0,"2134":0,"2136":0,"2137":0,"2138":0,"2139":0,"2140":0,"2141":0,"2142":0,"2145":0,"2148":0,"2149":0,"2151":0,"2154":0,"2170":1,"2171":0,"2172":0,"2173":0,"2174":0,"2190":1,"2191":0,"2211":1,"2212":0,"2239":1,"2240":0,"2243":0,"2244":0,"2255":0,"2257":0,"2258":0,"2259":0,"2261":0,"2262":0,"2265":0,"2266":0,"2269":0,"2277":0,"2293":1,"2294":0,"2302":0,"2303":0,"2304":0,"2305":0,"2307":0,"2309":0,"2310":0,"2316":0,"2320":0,"2321":0,"2325":0,"2326":0,"2327":0,"2329":0,"2330":0,"2331":0,"2334":0,"2336":0,"2337":0,"2338":0,"2339":0,"2340":0,"2341":0,"2342":0,"2343":0,"2344":0,"2345":0,"2348":0,"2349":0,"2350":0,"2351":0,"2352":0,"2355":0,"2360":0,"2361":0,"2368":1,"2369":0,"2391":1,"2392":0,"2396":0,"2397":0,"2398":0,"2402":0,"2405":0,"2406":0,"2409":0,"2410":0,"2411":0,"2413":0,"2416":0,"2418":0,"2424":0,"2427":0,"2429":0,"2430":0,"2431":0,"2432":0,"2433":0,"2434":0,"2435":0,"2436":0,"2440":0,"2441":0,"2442":0,"2443":0,"2444":0,"2445":0,"2446":0,"2450":0,"2451":0,"2453":0,"2471":1,"2472":0,"2489":1,"2490":0,"2496":0,"2498":0,"2499":0,"2500":0,"2502":0,"2505":0,"2507":0,"2508":0,"2512":0,"2515":0,"2518":0,"2526":1,"2527":0,"2535":1,"2536":0,"2540":0,"2542":0,"2544":0,"2548":0,"2552":1,"2554":1,"2556":1,"2563":1,"2564":0,"2565":0,"2570":1,"2571":0,"2576":0,"2577":0,"2578":0,"2579":0,"2580":0,"2584":0,"2585":0,"2590":1,"2591":0,"2600":0,"2602":0,"2603":0,"2606":0,"2609":0,"2611":0,"2612":0,"2615":0,"2618":0,"2620":0,"2623":0,"2626":0,"2635":1,"2636":0,"2640":1,"2641":0,"2650":1,"2651":0,"2657":0,"2658":0,"2659":0,"2661":0,"2663":0,"2664":0,"2665":0,"2666":0,"2671":0,"2675":1,"2676":0,"2681":1,"2682":0,"2685":0,"2688":0,"2689":0,"2693":0,"2696":0,"2697":0,"2698":0,"2699":0,"2700":0,"2704":0,"2708":1,"2709":0,"2710":0,"2717":1,"2718":1,"2722":1,"2723":0,"2726":1,"2727":1,"2731":0,"2732":0}}}